#
# There is insufficient memory for the Java Runtime Environment to continue.
# Native memory allocation (mmap) failed to map 123731968 bytes for G1 virtual space
# Possible reasons:
#   The system is out of physical RAM or swap space
#   The process is running with CompressedOops enabled, and the Java Heap may be blocking the growth of the native heap
# Possible solutions:
#   Reduce memory load on the system
#   Increase physical memory or swap space
#   Check if swap backing store is full
#   Decrease Java heap size (-Xmx/-Xms)
#   Decrease number of Java threads
#   Decrease Java thread stack sizes (-Xss)
#   Set larger code cache with -XX:ReservedCodeCacheSize=
#   JVM is running with Unscaled Compressed Oops mode in which the Java heap is
#     placed in the first 4GB address space. The Java Heap base address is the
#     maximum limit for the native heap growth. Please use -XX:HeapBaseMinAddress
#     to set the Java Heap base and to place the Java Heap above 4GB virtual address.
# This output file may be truncated or incomplete.
#
#  Out of Memory Error (os_windows.cpp:3469), pid=129212, tid=131036
#
# JRE version:  (17.0+35) (build )
# Java VM: Java HotSpot(TM) 64-Bit Server VM (17+35-LTS-2724, mixed mode, sharing, tiered, compressed oops, compressed class ptrs, g1 gc, windows-amd64)
# No core dump will be written. Minidumps are not enabled by default on client versions of Windows
#

---------------  S U M M A R Y ------------

Command Line: org.jetbrains.kotlin.cli.jvm.K2JVMCompiler @E:\Programming\Thesis Writing 2\app\node_modules\react-native-gesture-handler\android\build\20221107_7669989848000055620.compiler.options

Host: AMD Ryzen 5 4500U with Radeon Graphics         , 6 cores, 7G,  Windows 10 , 64 bit Build 22000 (10.0.22000.708)
Time: Mon Nov  7 16:45:58 2022 Malay Peninsula Standard Time elapsed time: 0.087162 seconds (0d 0h 0m 0s)

---------------  T H R E A D  ---------------

Current thread (0x00000270a8875920):  JavaThread "Unknown thread" [_thread_in_vm, id=131036, stack(0x000000f0ded00000,0x000000f0dee00000)]

Stack: [0x000000f0ded00000,0x000000f0dee00000]
Native frames: (J=compiled Java code, j=interpreted, Vv=VM code, C=native code)
V  [jvm.dll+0x66f8ea]
V  [jvm.dll+0x7ce224]
V  [jvm.dll+0x7cf9ce]
V  [jvm.dll+0x7d0033]
V  [jvm.dll+0x242bb5]
V  [jvm.dll+0x66c909]
V  [jvm.dll+0x6613d2]
V  [jvm.dll+0x30082b]
V  [jvm.dll+0x307db6]
V  [jvm.dll+0x357a0e]
V  [jvm.dll+0x357c3f]
V  [jvm.dll+0x2d7ae8]
V  [jvm.dll+0x2d8a54]
V  [jvm.dll+0x7a00a1]
V  [jvm.dll+0x365781]
V  [jvm.dll+0x77f59c]
V  [jvm.dll+0x3e805f]
V  [jvm.dll+0x3e9b01]
C  [jli.dll+0x527b]
C  [ucrtbase.dll+0x26c0c]
C  [KERNEL32.DLL+0x154e0]
C  [ntdll.dll+0x485b]


---------------  P R O C E S S  ---------------

Threads class SMR info:
_java_thread_list=0x00007ffabc8d7818, length=0, elements={
}

Java Threads: ( => current thread )

Other Threads:
  0x00000270a88b0bc0 GCTaskThread "GC Thread#0" [stack: 0x000000f0dee00000,0x000000f0def00000] [id=130972]
  0x00000270a88c06c0 ConcurrentGCThread "G1 Main Marker" [stack: 0x000000f0def00000,0x000000f0df000000] [id=130268]
  0x00000270a88c10d0 ConcurrentGCThread "G1 Conc#0" [stack: 0x000000f0df000000,0x000000f0df100000] [id=130580]

[error occurred during error reporting (printing all threads), id 0xc0000005, EXCEPTION_ACCESS_VIOLATION (0xc0000005) at pc=0x00007ffabc1284c7]

VM state: not at safepoint (not fully initialized)

VM Mutex/Monitor currently owned by a thread:  ([mutex/lock_event])
[0x00000270a8872e20] Heap_lock - owner thread: 0x00000270a8875920

Heap address: 0x000000008a200000, size: 1886 MB, Compressed Oops mode: 32-bit

CDS archive(s) mapped at: [0x0000000000000000-0x0000000000000000-0x0000000000000000), size 0, SharedBaseAddress: 0x0000000800000000, ArchiveRelocationMode: 0.
Narrow klass base: 0x0000000000000000, Narrow klass shift: 0, Narrow klass range: 0x0

GC Precious Log:
<Empty>

Heap:
 garbage-first heap   total 0K, used 0K [0x000000008a200000, 0x0000000100000000)
  region size 1024K, 0 young (0K), 0 survivors (0K)

[error occurred during error reporting (printing heap information), id 0xc0000005, EXCEPTION_ACCESS_VIOLATION (0xc0000005) at pc=0x00007ffabc508c59]

GC Heap History (0 events):
No events

Deoptimization events (0 events):
No events

Classes unloaded (0 events):
No events

Classes redefined (0 events):
No events

Internal exceptions (0 events):
No events

VM Operations (0 events):
No events

Events (1 events):
Event: 0.061 Loaded shared library C:\Program Files\Java\jdk-17\bin\java.dll


Dynamic libraries:
0x00007ff646bb0000 - 0x00007ff646bc0000 	C:\Program Files\Java\jdk-17\bin\java.exe
0x00007ffafc4a0000 - 0x00007ffafc6a9000 	C:\WINDOWS\SYSTEM32\ntdll.dll
0x00007ffafbd80000 - 0x00007ffafbe3d000 	C:\WINDOWS\System32\KERNEL32.DLL
0x00007ffaf9e00000 - 0x00007ffafa17b000 	C:\WINDOWS\System32\KERNELBASE.dll
0x00007ffaf9a30000 - 0x00007ffaf9b41000 	C:\WINDOWS\System32\ucrtbase.dll
0x00007ffaecf00000 - 0x00007ffaecf18000 	C:\Program Files\Java\jdk-17\bin\jli.dll
0x00007ffafabe0000 - 0x00007ffafac8e000 	C:\WINDOWS\System32\ADVAPI32.dll
0x00007ffafbaa0000 - 0x00007ffafbb43000 	C:\WINDOWS\System32\msvcrt.dll
0x00007ffafac90000 - 0x00007ffafad2e000 	C:\WINDOWS\System32\sechost.dll
0x00007ffafbc60000 - 0x00007ffafbd80000 	C:\WINDOWS\System32\RPCRT4.dll
0x00007ffafaef0000 - 0x00007ffafb09d000 	C:\WINDOWS\System32\USER32.dll
0x00007ffafa180000 - 0x00007ffafa1a6000 	C:\WINDOWS\System32\win32u.dll
0x00007ffafb860000 - 0x00007ffafb889000 	C:\WINDOWS\System32\GDI32.dll
0x00007ffaf9b50000 - 0x00007ffaf9c68000 	C:\WINDOWS\System32\gdi32full.dll
0x00007ffaf9cf0000 - 0x00007ffaf9d8d000 	C:\WINDOWS\System32\msvcp_win.dll
0x00007ffae3f90000 - 0x00007ffae4235000 	C:\WINDOWS\WinSxS\amd64_microsoft.windows.common-controls_6595b64144ccf1df_6.0.22000.120_none_9d947278b86cc467\COMCTL32.dll
0x00007ffaf4140000 - 0x00007ffaf414a000 	C:\WINDOWS\SYSTEM32\VERSION.dll
0x00007ffaecf20000 - 0x00007ffaecf3a000 	C:\Program Files\Java\jdk-17\bin\VCRUNTIME140.dll
0x00007ffafada0000 - 0x00007ffafadd1000 	C:\WINDOWS\System32\IMM32.DLL
0x00007ffaed040000 - 0x00007ffaed04c000 	C:\Program Files\Java\jdk-17\bin\vcruntime140_1.dll
0x00007ffabca00000 - 0x00007ffabca8d000 	C:\Program Files\Java\jdk-17\bin\msvcp140.dll
0x00007ffabbe40000 - 0x00007ffabc9fe000 	C:\Program Files\Java\jdk-17\bin\server\jvm.dll
0x00007ffafa790000 - 0x00007ffafa798000 	C:\WINDOWS\System32\PSAPI.DLL
0x00007ffaf4100000 - 0x00007ffaf4133000 	C:\WINDOWS\SYSTEM32\WINMM.dll
0x00007ffaecef0000 - 0x00007ffaecef9000 	C:\WINDOWS\SYSTEM32\WSOCK32.dll
0x00007ffafbf80000 - 0x00007ffafbfef000 	C:\WINDOWS\System32\ws2_32.DLL
0x00007ffaf89c0000 - 0x00007ffaf89d8000 	C:\WINDOWS\SYSTEM32\kernel.appcore.dll
0x00007ffaecee0000 - 0x00007ffaeceea000 	C:\Program Files\Java\jdk-17\bin\jimage.dll
0x00007ffaf74b0000 - 0x00007ffaf76d1000 	C:\WINDOWS\SYSTEM32\DBGHELP.DLL
0x00007ffae12c0000 - 0x00007ffae12f1000 	C:\WINDOWS\SYSTEM32\dbgcore.DLL
0x00007ffaf9c70000 - 0x00007ffaf9cef000 	C:\WINDOWS\System32\bcryptPrimitives.dll
0x00007ffaeceb0000 - 0x00007ffaeced5000 	C:\Program Files\Java\jdk-17\bin\java.dll

dbghelp: loaded successfully - version: 4.0.5 - missing functions: none
symbol engine: initialized successfully - sym options: 0x614 - pdb path: .;C:\Program Files\Java\jdk-17\bin;C:\WINDOWS\SYSTEM32;C:\WINDOWS\WinSxS\amd64_microsoft.windows.common-controls_6595b64144ccf1df_6.0.22000.120_none_9d947278b86cc467;C:\Program Files\Java\jdk-17\bin\server

VM Arguments:
java_command: org.jetbrains.kotlin.cli.jvm.K2JVMCompiler @E:\Programming\Thesis Writing 2\app\node_modules\react-native-gesture-handler\android\build\20221107_7669989848000055620.compiler.options
java_class_path (initial): C:\Users\rosar\.gradle\caches\modules-2\files-2.1\org.jetbrains.kotlin\kotlin-compiler-embeddable\1.6.21\97bdd5a752ce73b58ef16c17bc7f0ea2faff7a2e\kotlin-compiler-embeddable-1.6.21.jar;C:\Users\rosar\.gradle\caches\modules-2\files-2.1\org.jetbrains.kotlin\kotlin-reflect\1.6.21\5dc3574d9b7bebfcb4ec6b10ada4aaa9e140bd0b\kotlin-reflect-1.6.21.jar;C:\Users\rosar\.gradle\caches\modules-2\files-2.1\org.jetbrains.kotlin\kotlin-stdlib\1.6.21\11ef67f1900634fd951bad28c53ec957fabbe5b8\kotlin-stdlib-1.6.21.jar;C:\Users\rosar\.gradle\caches\modules-2\files-2.1\org.jetbrains.kotlin\kotlin-script-runtime\1.6.21\99c6675100da5d6d5b1c5a1032f27f28008d101b\kotlin-script-runtime-1.6.21.jar;C:\Users\rosar\.gradle\caches\modules-2\files-2.1\org.jetbrains.kotlin\kotlin-daemon-embeddable\1.6.21\46b78cf392e1c4f10854c3cadba44abb7b82250f\kotlin-daemon-embeddable-1.6.21.jar;C:\Users\rosar\.gradle\caches\modules-2\files-2.1\org.jetbrains.intellij.deps\trove4j\1.0.20200330\3afb14d5f9ceb459d724e907a21145e8ff394f02\trove4j-1.0.20200330.jar;C:\Users\rosar\.gradle\caches\modules-2\files-2.1\net.java.dev.jna\jna\5.6.0\330f2244e9030119ab3030fc3fededc86713d9cc\jna-5.6.0.jar;C:\Users\rosar\.gradle\caches\modules-2\files-2.1\org.jetbrains.kotlin\kotlin-stdlib-common\1.6.21\5e5b55c26dbc80372a920aef60eb774b714559b8\kotlin-stdlib-common-1.6.21.jar;C:\Users\rosar\.gradle\caches\modules-2\files-2.1\org.jetbrains\annotations\13.0\919f0dfe192fb4e063e7dacadee7f8bb9a2672a9\annotations-13.0.jar
Launcher Type: SUN_STANDARD

[Global flags]
     intx CICompilerCount                          = 3                                         {product} {ergonomic}
     uint ConcGCThreads                            = 2                                         {product} {ergonomic}
     uint G1ConcRefinementThreads                  = 6                                         {product} {ergonomic}
   size_t G1HeapRegionSize                         = 1048576                                   {product} {ergonomic}
    uintx GCDrainStackTargetSize                   = 64                                        {product} {ergonomic}
   size_t InitialHeapSize                          = 123731968                                 {product} {ergonomic}
   size_t MarkStackSize                            = 4194304                                   {product} {ergonomic}
   size_t MaxHeapSize                              = 1977614336                                {product} {ergonomic}
   size_t MinHeapDeltaBytes                        = 1048576                                   {product} {ergonomic}
   size_t MinHeapSize                              = 8388608                                   {product} {ergonomic}
    uintx NonNMethodCodeHeapSize                   = 5832780                                {pd product} {ergonomic}
    uintx NonProfiledCodeHeapSize                  = 122912730                              {pd product} {ergonomic}
    uintx ProfiledCodeHeapSize                     = 122912730                              {pd product} {ergonomic}
    uintx ReservedCodeCacheSize                    = 251658240                              {pd product} {ergonomic}
     bool SegmentedCodeCache                       = true                                      {product} {ergonomic}
   size_t SoftMaxHeapSize                          = 1977614336                             {manageable} {ergonomic}
     bool UseCompressedClassPointers               = true                           {product lp64_product} {ergonomic}
     bool UseCompressedOops                        = true                           {product lp64_product} {ergonomic}
     bool UseG1GC                                  = true                                      {product} {ergonomic}
     bool UseLargePagesIndividualAllocation        = false                                  {pd product} {ergonomic}

Logging:
Log output configuration:
 #0: stdout all=warning uptime,level,tags
 #1: stderr all=off uptime,level,tags

Environment Variables:
JAVA_HOME=C:\Program Files\Java\jdk-17
CLASSPATH=E:\Programming\Thesis Writing 2\app\android\\gradle\wrapper\gradle-wrapper.jar
PATH=E:\Programming\Thesis Writing 2\app\android\node_modules\.bin;E:\Programming\Thesis Writing 2\app\node_modules\.bin;E:\Programming\Thesis Writing 2\node_modules\.bin;E:\Programming\node_modules\.bin;E:\node_modules\.bin;C:\Program Files\nodejs;E:\Programming\Thesis Writing 2\app\node_modules\.bin;E:\Programming\Thesis Writing 2\node_modules\.bin;E:\Programming\node_modules\.bin;E:\node_modules\.bin;C:\Users\rosar\AppData\Roaming\npm\node_modules\npm\node_modules\@npmcli\run-script\lib\node-gyp-bin;C:\Program Files\PowerShell\7;C:\Program Files (x86)\NVIDIA Corporation\PhysX\Common;C:\ProgramData\Oracle\Java\javapath;C:\Program Files\Common Files\Oracle\Java\javapath;C:\Program Files (x86)\Common Files\Oracle\Java\javapath;C:\WINDOWS\system32;C:\WINDOWS;C:\WINDOWS\System32\Wbem;C:\WINDOWS\System32\WindowsPowerShell\v1.0\;C:\WINDOWS\System32\OpenSSH\;C:\Program Files (x86)\AMD\ATI.ACE\Core-Static;C:\Program Files\Git\cmd;C:\NASM;C:\MinGW\bin;C:\Users\rosar\AppData\Local\Android\Sdk\platform-tools;D:\Programs\XAMPP\php;C:\ProgramData\ComposerSetup\bin;C:\Program Files\nodejs\;C:\Program Files\PowerShell\7\;C:\Users\rosar\AppData\Local\Programs\Python\Python310\Scripts\;C:\Users\rosar\AppData\Local\Programs\Python\Python310\;C:\Program Files\MySQL\MySQL Shell 8.0\bin\;C:\Users\rosar\AppData\Local\Microsoft\WindowsApps;C:\Users\rosar\AppData\Local\Programs\Microsoft VS Code\bin;C:\Users\rosar\AppData\Local\GitHubDesktop\bin;C:\NASM;C:\MinGW\bin;C:\Program Files\Java\jdk-17\bin;C:\Program Files\heroku\bin;C:\Users\rosar\AppData\Local\Android\Sdk\platform-tools;C:\Users\rosar\AppData\Roaming\Composer\vendor\bin;C:\Users\rosar\AppData\Roaming\npm
USERNAME=rosar
LANG=en_US.UTF-8
OS=Windows_NT
PROCESSOR_IDENTIFIER=AMD64 Family 23 Model 96 Stepping 1, AuthenticAMD



---------------  S Y S T E M  ---------------

OS:
 Windows 10 , 64 bit Build 22000 (10.0.22000.708)
OS uptime: 6 days 22:34 hours
Hyper-V role detected

CPU: total 6 (initial active 6) (6 cores per cpu, 1 threads per core) family 23 model 96 stepping 1 microcode 0x0, cx8, cmov, fxsr, mmx, 3dnowpref, sse, sse2, sse3, ssse3, sse4a, sse4.1, sse4.2, popcnt, lzcnt, tsc, tscinvbit, avx, avx2, aes, clmul, bmi1, bmi2, adx, sha, fma, vzeroupper, clflush, clflushopt, hv

Memory: 4k page, system-wide physical 7542M (67M free)
TotalPageFile size 31094M (AvailPageFile size 49M)
current process WorkingSet (physical memory assigned to process): 9M, peak: 9M
current process commit charge ("private bytes"): 56M, peak: 173M

vm_info: Java HotSpot(TM) 64-Bit Server VM (17+35-LTS-2724) for windows-amd64 JRE (17+35-LTS-2724), built on Aug  5 2021 23:28:28 by "mach5one" with MS VC++ 16.8 (VS2019)

END.
