#
# There is insufficient memory for the Java Runtime Environment to continue.
# Native memory allocation (mmap) failed to map 147849216 bytes for G1 virtual space
# Possible reasons:
#   The system is out of physical RAM or swap space
#   The process is running with CompressedOops enabled, and the Java Heap may be blocking the growth of the native heap
# Possible solutions:
#   Reduce memory load on the system
#   Increase physical memory or swap space
#   Check if swap backing store is full
#   Decrease Java heap size (-Xmx/-Xms)
#   Decrease number of Java threads
#   Decrease Java thread stack sizes (-Xss)
#   Set larger code cache with -XX:ReservedCodeCacheSize=
#   JVM is running with Unscaled Compressed Oops mode in which the Java heap is
#     placed in the first 4GB address space. The Java Heap base address is the
#     maximum limit for the native heap growth. Please use -XX:HeapBaseMinAddress
#     to set the Java Heap base and to place the Java Heap above 4GB virtual address.
# This output file may be truncated or incomplete.
#
#  Out of Memory Error (os_windows.cpp:3469), pid=123676, tid=120268
#
# JRE version: Java(TM) SE Runtime Environment (17.0+35) (build 17+35-LTS-2724)
# Java VM: Java HotSpot(TM) 64-Bit Server VM (17+35-LTS-2724, mixed mode, sharing, tiered, compressed oops, compressed class ptrs, g1 gc, windows-amd64)
# No core dump will be written. Minidumps are not enabled by default on client versions of Windows
#

---------------  S U M M A R Y ------------

Command Line: -XX:MaxMetaspaceSize=512m --add-opens=java.base/java.util=ALL-UNNAMED --add-opens=java.base/java.lang=ALL-UNNAMED --add-opens=java.base/java.lang.invoke=ALL-UNNAMED --add-opens=java.base/java.util=ALL-UNNAMED --add-opens=java.prefs/java.util.prefs=ALL-UNNAMED --add-opens=java.prefs/java.util.prefs=ALL-UNNAMED --add-opens=java.base/java.nio.charset=ALL-UNNAMED --add-opens=java.base/java.net=ALL-UNNAMED --add-opens=java.base/java.util.concurrent.atomic=ALL-UNNAMED -Xmx2048m -Dfile.encoding=windows-1252 -Duser.country=US -Duser.language=en -Duser.variant org.gradle.launcher.daemon.bootstrap.GradleDaemon 7.5.1

Host: AMD Ryzen 5 4500U with Radeon Graphics         , 6 cores, 7G,  Windows 10 , 64 bit Build 22000 (10.0.22000.708)
Time: Mon Nov  7 18:33:31 2022 Malay Peninsula Standard Time elapsed time: 16.469615 seconds (0d 0h 0m 16s)

---------------  T H R E A D  ---------------

Current thread (0x0000026cb6dae060):  VMThread "VM Thread" [stack: 0x000000baecc00000,0x000000baecd00000] [id=120268]

Stack: [0x000000baecc00000,0x000000baecd00000]
Native frames: (J=compiled Java code, j=interpreted, Vv=VM code, C=native code)
V  [jvm.dll+0x66f8ea]
V  [jvm.dll+0x7ce224]
V  [jvm.dll+0x7cf9ce]
V  [jvm.dll+0x7d0033]
V  [jvm.dll+0x242bb5]
V  [jvm.dll+0x66c909]
V  [jvm.dll+0x6613d2]
V  [jvm.dll+0x30082b]
V  [jvm.dll+0x307db6]
V  [jvm.dll+0x357a0e]
V  [jvm.dll+0x357c3f]
V  [jvm.dll+0x2d7ae8]
V  [jvm.dll+0x2d5db4]
V  [jvm.dll+0x2d53bc]
V  [jvm.dll+0x318d1b]
V  [jvm.dll+0x7d44cb]
V  [jvm.dll+0x7d5204]
V  [jvm.dll+0x7d571c]
V  [jvm.dll+0x7d5af4]
V  [jvm.dll+0x7d5bc0]
V  [jvm.dll+0x77e7ea]
V  [jvm.dll+0x66e715]
C  [ucrtbase.dll+0x26c0c]
C  [KERNEL32.DLL+0x154e0]
C  [ntdll.dll+0x485b]

VM_Operation (0x000000baee9fe180): G1CollectForAllocation, mode: safepoint, requested by thread 0x0000026cb93c5c10


---------------  P R O C E S S  ---------------

Threads class SMR info:
_java_thread_list=0x0000026cb9f79c60, length=112, elements={
0x0000026c96f1c7f0, 0x0000026cb6db36b0, 0x0000026cb6db5180, 0x0000026cb6dcf360,
0x0000026cb6dcfc20, 0x0000026cb6dd04e0, 0x0000026cb6dd0da0, 0x0000026cb6dd1990,
0x0000026cb6dd4350, 0x0000026cb6dd6c60, 0x0000026cb78c9250, 0x0000026cb78cc160,
0x0000026cb8eb8760, 0x0000026cb921e900, 0x0000026cb9102010, 0x0000026cb90dae00,
0x0000026cb90db2d0, 0x0000026cb9194360, 0x0000026cb932e440, 0x0000026cb93c48d0,
0x0000026cb93c5270, 0x0000026cb93c60e0, 0x0000026cb93c65b0, 0x0000026cb93c3f30,
0x0000026cb93c5c10, 0x0000026cb93c6f50, 0x0000026cb93c5740, 0x0000026cb93c6a80,
0x0000026cb93c4400, 0x0000026cb93c7420, 0x0000026cb93c78f0, 0x0000026cb93c4da0,
0x0000026cb99e51d0, 0x0000026cb99ec080, 0x0000026cb99ea870, 0x0000026cb99e56a0,
0x0000026cb99e5b70, 0x0000026cb99e6eb0, 0x0000026cb99eb6e0, 0x0000026cb99e69e0,
0x0000026cb99e9ed0, 0x0000026cb99e4d00, 0x0000026cb99ebbb0, 0x0000026cb99e6510,
0x0000026cb99e7380, 0x0000026cb99e86c0, 0x0000026cb99ec550, 0x0000026cb99ea3a0,
0x0000026cb99e7850, 0x0000026cb99e7d20, 0x0000026cb99e81f0, 0x0000026cb99e8b90,
0x0000026cb99e9530, 0x0000026cba528250, 0x0000026cba52d8f0, 0x0000026cba52b740,
0x0000026cba5290c0, 0x0000026cba5278b0, 0x0000026cba527d80, 0x0000026cba529590,
0x0000026cba528720, 0x0000026cba52e760, 0x0000026cba52ddc0, 0x0000026cba528bf0,
0x0000026cba5273e0, 0x0000026cba52e290, 0x0000026cba52c5b0, 0x0000026cba529a60,
0x0000026cba52cf50, 0x0000026cba526f10, 0x0000026cba529f30, 0x0000026cba52ca80,
0x0000026cba52a400, 0x0000026cba52a8d0, 0x0000026cba52ada0, 0x0000026cba52b270,
0x0000026cba52bc10, 0x0000026cbe628190, 0x0000026cbe624ca0, 0x0000026cbe629e70,
0x0000026cbe6247d0, 0x0000026cbe622620, 0x0000026cbe6277f0, 0x0000026cbe6294d0,
0x0000026cbe625640, 0x0000026cbe624300, 0x0000026cbe623960, 0x0000026cbe622fc0,
0x0000026cbe6264b0, 0x0000026cbe627320, 0x0000026cbe627cc0, 0x0000026cbe626980,
0x0000026cbe626e50, 0x0000026cbe628660, 0x0000026cbe625fe0, 0x0000026cbe623490,
0x0000026cbe625b10, 0x0000026cbe625170, 0x0000026cbe6299a0, 0x0000026cbe629000,
0x0000026cbe623e30, 0x0000026cbe628b30, 0x0000026cb8a269b0, 0x0000026cb8a29500,
0x0000026cb8a299d0, 0x0000026cb8a24800, 0x0000026cb8a2a370, 0x0000026cb8a29030,
0x0000026cb8a2b6b0, 0x0000026cb8a27350, 0x0000026cb8a28690, 0x0000026cb8a29ea0
}

Java Threads: ( => current thread )
  0x0000026c96f1c7f0 JavaThread "main" [_thread_blocked, id=125136, stack(0x000000baec600000,0x000000baec700000)]
  0x0000026cb6db36b0 JavaThread "Reference Handler" daemon [_thread_blocked, id=101544, stack(0x000000baecd00000,0x000000baece00000)]
  0x0000026cb6db5180 JavaThread "Finalizer" daemon [_thread_blocked, id=122936, stack(0x000000baece00000,0x000000baecf00000)]
  0x0000026cb6dcf360 JavaThread "Signal Dispatcher" daemon [_thread_blocked, id=112524, stack(0x000000baecf00000,0x000000baed000000)]
  0x0000026cb6dcfc20 JavaThread "Attach Listener" daemon [_thread_blocked, id=128800, stack(0x000000baed000000,0x000000baed100000)]
  0x0000026cb6dd04e0 JavaThread "Service Thread" daemon [_thread_blocked, id=123444, stack(0x000000baed100000,0x000000baed200000)]
  0x0000026cb6dd0da0 JavaThread "Monitor Deflation Thread" daemon [_thread_blocked, id=125052, stack(0x000000baed200000,0x000000baed300000)]
  0x0000026cb6dd1990 JavaThread "C2 CompilerThread0" daemon [_thread_blocked, id=126508, stack(0x000000baed300000,0x000000baed400000)]
  0x0000026cb6dd4350 JavaThread "C1 CompilerThread0" daemon [_thread_blocked, id=126312, stack(0x000000baed400000,0x000000baed500000)]
  0x0000026cb6dd6c60 JavaThread "Sweeper thread" daemon [_thread_blocked, id=126760, stack(0x000000baed500000,0x000000baed600000)]
  0x0000026cb78c9250 JavaThread "Common-Cleaner" daemon [_thread_blocked, id=115044, stack(0x000000baed600000,0x000000baed700000)]
  0x0000026cb78cc160 JavaThread "Notification Thread" daemon [_thread_blocked, id=126364, stack(0x000000baed700000,0x000000baed800000)]
  0x0000026cb8eb8760 JavaThread "Daemon health stats" [_thread_blocked, id=123960, stack(0x000000baedd00000,0x000000baede00000)]
  0x0000026cb921e900 JavaThread "Incoming local TCP Connector on port 63295" [_thread_in_native, id=100380, stack(0x000000baede00000,0x000000baedf00000)]
  0x0000026cb9102010 JavaThread "Daemon periodic checks" [_thread_blocked, id=109536, stack(0x000000baedf00000,0x000000baee000000)]
  0x0000026cb90dae00 JavaThread "Daemon" [_thread_blocked, id=128612, stack(0x000000baee000000,0x000000baee100000)]
  0x0000026cb90db2d0 JavaThread "Handler for socket connection from /127.0.0.1:63295 to /127.0.0.1:63296" [_thread_in_native, id=122252, stack(0x000000baee100000,0x000000baee200000)]
  0x0000026cb9194360 JavaThread "Cancel handler" [_thread_blocked, id=118076, stack(0x000000baee200000,0x000000baee300000)]
  0x0000026cb932e440 JavaThread "Daemon worker" [_thread_blocked, id=124584, stack(0x000000baee300000,0x000000baee400000)]
  0x0000026cb93c48d0 JavaThread "Asynchronous log dispatcher for DefaultDaemonConnection: socket connection from /127.0.0.1:63295 to /127.0.0.1:63296" [_thread_blocked, id=130444, stack(0x000000baee400000,0x000000baee500000)]
  0x0000026cb93c5270 JavaThread "Stdin handler" [_thread_blocked, id=127492, stack(0x000000baee500000,0x000000baee600000)]
  0x0000026cb93c60e0 JavaThread "Daemon client event forwarder" [_thread_blocked, id=107612, stack(0x000000baee600000,0x000000baee700000)]
  0x0000026cb93c65b0 JavaThread "Cache worker for journal cache (C:\Users\rosar\.gradle\caches\journal-1)" [_thread_blocked, id=120700, stack(0x000000baee700000,0x000000baee800000)]
  0x0000026cb93c3f30 JavaThread "File lock request listener" [_thread_in_native, id=130116, stack(0x000000baee800000,0x000000baee900000)]
  0x0000026cb93c5c10 JavaThread "Cache worker for file hash cache (C:\Users\rosar\.gradle\caches\7.5.1\fileHashes)" [_thread_blocked, id=130608, stack(0x000000baee900000,0x000000baeea00000)]
  0x0000026cb93c6f50 JavaThread "File watcher server" daemon [_thread_in_native, id=123024, stack(0x000000baeeb00000,0x000000baeec00000)]
  0x0000026cb93c5740 JavaThread "File watcher consumer" daemon [_thread_blocked, id=87284, stack(0x000000baeec00000,0x000000baeed00000)]
  0x0000026cb93c6a80 JavaThread "Cache worker for checksums cache (E:\Programming\Thesis Writing 2\app\android\.gradle\7.5.1\checksums)" [_thread_blocked, id=34652, stack(0x000000baeed00000,0x000000baeee00000)]
  0x0000026cb93c4400 JavaThread "Cache worker for cache directory md-rule (C:\Users\rosar\.gradle\caches\7.5.1\md-rule)" [_thread_blocked, id=130748, stack(0x000000baeee00000,0x000000baeef00000)]
  0x0000026cb93c7420 JavaThread "Cache worker for file content cache (C:\Users\rosar\.gradle\caches\7.5.1\fileContent)" [_thread_blocked, id=125376, stack(0x000000baeef00000,0x000000baef000000)]
  0x0000026cb93c78f0 JavaThread "Cache worker for file hash cache (E:\Programming\Thesis Writing 2\app\android\.gradle\7.5.1\fileHashes)" [_thread_blocked, id=127716, stack(0x000000baef000000,0x000000baef100000)]
  0x0000026cb93c4da0 JavaThread "Cache worker for cache directory md-supplier (C:\Users\rosar\.gradle\caches\7.5.1\md-supplier)" [_thread_blocked, id=66108, stack(0x000000baef100000,0x000000baef200000)]
  0x0000026cb99e51d0 JavaThread "Cache worker for execution history cache (C:\Users\rosar\.gradle\caches\7.5.1\executionHistory)" [_thread_blocked, id=130648, stack(0x000000baef300000,0x000000baef400000)]
  0x0000026cb99ec080 JavaThread "jar transforms" [_thread_blocked, id=130632, stack(0x000000baef600000,0x000000baef700000)]
  0x0000026cb99ea870 JavaThread "jar transforms Thread 2" [_thread_blocked, id=124464, stack(0x000000baef700000,0x000000baef800000)]
  0x0000026cb99e56a0 JavaThread "jar transforms Thread 3" [_thread_blocked, id=120612, stack(0x000000baef800000,0x000000baef900000)]
  0x0000026cb99e5b70 JavaThread "jar transforms Thread 4" [_thread_blocked, id=130572, stack(0x000000baef900000,0x000000baefa00000)]
  0x0000026cb99e6eb0 JavaThread "Cache worker for kotlin-dsl (C:\Users\rosar\.gradle\caches\7.5.1\kotlin-dsl)" [_thread_blocked, id=129760, stack(0x000000baefa00000,0x000000baefb00000)]
  0x0000026cb99eb6e0 JavaThread "jar transforms Thread 5" [_thread_blocked, id=127968, stack(0x000000baefb00000,0x000000baefc00000)]
  0x0000026cb99e69e0 JavaThread "jar transforms Thread 6" [_thread_blocked, id=111084, stack(0x000000baefc00000,0x000000baefd00000)]
  0x0000026cb99e9ed0 JavaThread "Cache worker for dependencies-accessors (E:\Programming\Thesis Writing 2\app\android\.gradle\7.5.1\dependencies-accessors)" [_thread_blocked, id=129260, stack(0x000000baefd00000,0x000000baefe00000)]
  0x0000026cb99e4d00 JavaThread "Cache worker for Build Output Cleanup Cache (E:\Programming\Thesis Writing 2\app\node_modules\react-native-gradle-plugin\.gradle\buildOutputCleanup)" [_thread_blocked, id=99592, stack(0x000000baefe00000,0x000000baeff00000)]
  0x0000026cb99ebbb0 JavaThread "Unconstrained build operations" [_thread_blocked, id=123604, stack(0x000000baeff00000,0x000000baf0000000)]
  0x0000026cb99e6510 JavaThread "Unconstrained build operations Thread 2" [_thread_blocked, id=128996, stack(0x000000baf0000000,0x000000baf0100000)]
  0x0000026cb99e7380 JavaThread "Unconstrained build operations Thread 3" [_thread_blocked, id=116632, stack(0x000000baf0100000,0x000000baf0200000)]
  0x0000026cb99e86c0 JavaThread "Unconstrained build operations Thread 4" [_thread_blocked, id=129856, stack(0x000000baf0200000,0x000000baf0300000)]
  0x0000026cb99ec550 JavaThread "Unconstrained build operations Thread 5" [_thread_blocked, id=125228, stack(0x000000baf0300000,0x000000baf0400000)]
  0x0000026cb99ea3a0 JavaThread "Unconstrained build operations Thread 6" [_thread_blocked, id=116440, stack(0x000000baf0400000,0x000000baf0500000)]
  0x0000026cb99e7850 JavaThread "Unconstrained build operations Thread 7" [_thread_blocked, id=122996, stack(0x000000baf0500000,0x000000baf0600000)]
  0x0000026cb99e7d20 JavaThread "Unconstrained build operations Thread 8" [_thread_blocked, id=115276, stack(0x000000baf0600000,0x000000baf0700000)]
  0x0000026cb99e81f0 JavaThread "Unconstrained build operations Thread 9" [_thread_blocked, id=118296, stack(0x000000baf0700000,0x000000baf0800000)]
  0x0000026cb99e8b90 JavaThread "Unconstrained build operations Thread 10" [_thread_blocked, id=123836, stack(0x000000baf0800000,0x000000baf0900000)]
  0x0000026cb99e9530 JavaThread "Unconstrained build operations Thread 11" [_thread_blocked, id=127396, stack(0x000000baf0900000,0x000000baf0a00000)]
  0x0000026cba528250 JavaThread "Unconstrained build operations Thread 12" [_thread_blocked, id=122460, stack(0x000000baf0a00000,0x000000baf0b00000)]
  0x0000026cba52d8f0 JavaThread "Unconstrained build operations Thread 13" [_thread_blocked, id=130756, stack(0x000000baf0b00000,0x000000baf0c00000)]
  0x0000026cba52b740 JavaThread "Unconstrained build operations Thread 14" [_thread_blocked, id=130588, stack(0x000000baf0c00000,0x000000baf0d00000)]
  0x0000026cba5290c0 JavaThread "Unconstrained build operations Thread 15" [_thread_blocked, id=129048, stack(0x000000baf0d00000,0x000000baf0e00000)]
  0x0000026cba5278b0 JavaThread "Unconstrained build operations Thread 16" [_thread_blocked, id=122632, stack(0x000000baf0e00000,0x000000baf0f00000)]
  0x0000026cba527d80 JavaThread "Unconstrained build operations Thread 17" [_thread_blocked, id=87316, stack(0x000000baf0f00000,0x000000baf1000000)]
  0x0000026cba529590 JavaThread "Unconstrained build operations Thread 18" [_thread_blocked, id=109864, stack(0x000000baf1000000,0x000000baf1100000)]
  0x0000026cba528720 JavaThread "Unconstrained build operations Thread 19" [_thread_blocked, id=120836, stack(0x000000baf1100000,0x000000baf1200000)]
  0x0000026cba52e760 JavaThread "Unconstrained build operations Thread 20" [_thread_blocked, id=125020, stack(0x000000baf1200000,0x000000baf1300000)]
  0x0000026cba52ddc0 JavaThread "Unconstrained build operations Thread 21" [_thread_blocked, id=6012, stack(0x000000baf1300000,0x000000baf1400000)]
  0x0000026cba528bf0 JavaThread "Unconstrained build operations Thread 22" [_thread_blocked, id=123664, stack(0x000000baf1400000,0x000000baf1500000)]
  0x0000026cba5273e0 JavaThread "Unconstrained build operations Thread 23" [_thread_blocked, id=129880, stack(0x000000baf1500000,0x000000baf1600000)]
  0x0000026cba52e290 JavaThread "Unconstrained build operations Thread 24" [_thread_blocked, id=122868, stack(0x000000baf1600000,0x000000baf1700000)]
  0x0000026cba52c5b0 JavaThread "Unconstrained build operations Thread 25" [_thread_blocked, id=123556, stack(0x000000baf1700000,0x000000baf1800000)]
  0x0000026cba529a60 JavaThread "Unconstrained build operations Thread 26" [_thread_blocked, id=122552, stack(0x000000baf1800000,0x000000baf1900000)]
  0x0000026cba52cf50 JavaThread "Unconstrained build operations Thread 27" [_thread_blocked, id=129848, stack(0x000000baf1900000,0x000000baf1a00000)]
  0x0000026cba526f10 JavaThread "Unconstrained build operations Thread 28" [_thread_blocked, id=118180, stack(0x000000baf1a00000,0x000000baf1b00000)]
  0x0000026cba529f30 JavaThread "Unconstrained build operations Thread 29" [_thread_blocked, id=127784, stack(0x000000baf1b00000,0x000000baf1c00000)]
  0x0000026cba52ca80 JavaThread "Unconstrained build operations Thread 30" [_thread_blocked, id=95680, stack(0x000000baf1c00000,0x000000baf1d00000)]
  0x0000026cba52a400 JavaThread "Unconstrained build operations Thread 31" [_thread_blocked, id=130700, stack(0x000000baf1d00000,0x000000baf1e00000)]
  0x0000026cba52a8d0 JavaThread "Unconstrained build operations Thread 32" [_thread_blocked, id=124124, stack(0x000000baf1e00000,0x000000baf1f00000)]
  0x0000026cba52ada0 JavaThread "Unconstrained build operations Thread 33" [_thread_blocked, id=119252, stack(0x000000baf1f00000,0x000000baf2000000)]
  0x0000026cba52b270 JavaThread "build event listener" [_thread_blocked, id=125304, stack(0x000000baf2000000,0x000000baf2100000)]
  0x0000026cba52bc10 JavaThread "Memory manager" [_thread_blocked, id=122368, stack(0x000000baf2100000,0x000000baf2200000)]
  0x0000026cbe628190 JavaThread "Cache worker for Build Output Cleanup Cache (E:\Programming\Thesis Writing 2\app\android\.gradle\buildOutputCleanup)" [_thread_blocked, id=126380, stack(0x000000baf2200000,0x000000baf2300000)]
  0x0000026cbe624ca0 JavaThread "included builds" [_thread_blocked, id=39128, stack(0x000000baf2300000,0x000000baf2400000)]
  0x0000026cbe629e70 JavaThread "Execution worker" [_thread_blocked, id=126944, stack(0x000000baf2400000,0x000000baf2500000)]
  0x0000026cbe6247d0 JavaThread "Execution worker Thread 2" [_thread_blocked, id=126376, stack(0x000000baf2500000,0x000000baf2600000)]
  0x0000026cbe622620 JavaThread "Execution worker Thread 3" [_thread_blocked, id=119732, stack(0x000000baf2600000,0x000000baf2700000)]
  0x0000026cbe6277f0 JavaThread "Execution worker Thread 4" [_thread_blocked, id=101860, stack(0x000000baf2700000,0x000000baf2800000)]
  0x0000026cbe6294d0 JavaThread "Execution worker Thread 5" [_thread_blocked, id=84580, stack(0x000000baf2800000,0x000000baf2900000)]
  0x0000026cbe625640 JavaThread "Cache worker for execution history cache (E:\Programming\Thesis Writing 2\app\node_modules\react-native-gradle-plugin\.gradle\7.5.1\executionHistory)" [_thread_blocked, id=119424, stack(0x000000baf2900000,0x000000baf2a00000)]
  0x0000026cbe624300 JavaThread "Unconstrained build operations Thread 34" [_thread_blocked, id=112956, stack(0x000000baf2a00000,0x000000baf2b00000)]
  0x0000026cbe623960 JavaThread "Unconstrained build operations Thread 35" [_thread_blocked, id=128964, stack(0x000000baf2b00000,0x000000baf2c00000)]
  0x0000026cbe622fc0 JavaThread "Unconstrained build operations Thread 36" [_thread_blocked, id=123248, stack(0x000000baf2c00000,0x000000baf2d00000)]
  0x0000026cbe6264b0 JavaThread "Unconstrained build operations Thread 37" [_thread_blocked, id=126820, stack(0x000000baf2d00000,0x000000baf2e00000)]
  0x0000026cbe627320 JavaThread "Unconstrained build operations Thread 38" [_thread_blocked, id=125088, stack(0x000000baf2e00000,0x000000baf2f00000)]
  0x0000026cbe627cc0 JavaThread "Unconstrained build operations Thread 39" [_thread_blocked, id=125108, stack(0x000000baf2f00000,0x000000baf3000000)]
  0x0000026cbe626980 JavaThread "Unconstrained build operations Thread 40" [_thread_blocked, id=126600, stack(0x000000baf3000000,0x000000baf3100000)]
  0x0000026cbe626e50 JavaThread "Unconstrained build operations Thread 41" [_thread_blocked, id=125132, stack(0x000000baf3100000,0x000000baf3200000)]
  0x0000026cbe628660 JavaThread "Unconstrained build operations Thread 42" [_thread_blocked, id=111808, stack(0x000000baf3200000,0x000000baf3300000)]
  0x0000026cbe625fe0 JavaThread "Unconstrained build operations Thread 43" [_thread_blocked, id=120156, stack(0x000000baf3300000,0x000000baf3400000)]
  0x0000026cbe623490 JavaThread "Unconstrained build operations Thread 44" [_thread_blocked, id=119492, stack(0x000000baf3400000,0x000000baf3500000)]
  0x0000026cbe625b10 JavaThread "Unconstrained build operations Thread 45" [_thread_blocked, id=108124, stack(0x000000baf3500000,0x000000baf3600000)]
  0x0000026cbe625170 JavaThread "Unconstrained build operations Thread 46" [_thread_blocked, id=124620, stack(0x000000baf3600000,0x000000baf3700000)]
  0x0000026cbe6299a0 JavaThread "Unconstrained build operations Thread 47" [_thread_blocked, id=128128, stack(0x000000baf3700000,0x000000baf3800000)]
  0x0000026cbe629000 JavaThread "Unconstrained build operations Thread 48" [_thread_blocked, id=122932, stack(0x000000baf3800000,0x000000baf3900000)]
  0x0000026cbe623e30 JavaThread "Unconstrained build operations Thread 49" [_thread_blocked, id=124284, stack(0x000000baf3900000,0x000000baf3a00000)]
  0x0000026cbe628b30 JavaThread "Unconstrained build operations Thread 50" [_thread_blocked, id=97356, stack(0x000000baf3a00000,0x000000baf3b00000)]
  0x0000026cb8a269b0 JavaThread "Unconstrained build operations Thread 51" [_thread_blocked, id=130196, stack(0x000000baf3b00000,0x000000baf3c00000)]
  0x0000026cb8a29500 JavaThread "Unconstrained build operations Thread 52" [_thread_blocked, id=119384, stack(0x000000baf3c00000,0x000000baf3d00000)]
  0x0000026cb8a299d0 JavaThread "Unconstrained build operations Thread 53" [_thread_blocked, id=125596, stack(0x000000baf3d00000,0x000000baf3e00000)]
  0x0000026cb8a24800 JavaThread "Unconstrained build operations Thread 54" [_thread_blocked, id=102144, stack(0x000000baf3e00000,0x000000baf3f00000)]
  0x0000026cb8a2a370 JavaThread "Unconstrained build operations Thread 55" [_thread_blocked, id=125084, stack(0x000000baf3f00000,0x000000baf4000000)]
  0x0000026cb8a29030 JavaThread "Unconstrained build operations Thread 56" [_thread_blocked, id=128904, stack(0x000000baf4000000,0x000000baf4100000)]
  0x0000026cb8a2b6b0 JavaThread "Unconstrained build operations Thread 57" [_thread_blocked, id=129996, stack(0x000000baf4100000,0x000000baf4200000)]
  0x0000026cb8a27350 JavaThread "Unconstrained build operations Thread 58" [_thread_blocked, id=103116, stack(0x000000baf4200000,0x000000baf4300000)]
  0x0000026cb8a28690 JavaThread "Unconstrained build operations Thread 59" [_thread_blocked, id=129440, stack(0x000000baf4300000,0x000000baf4400000)]
  0x0000026cb8a29ea0 JavaThread "Unconstrained build operations Thread 60" [_thread_blocked, id=125016, stack(0x000000baf4400000,0x000000baf4500000)]

Other Threads:
=>0x0000026cb6dae060 VMThread "VM Thread" [stack: 0x000000baecc00000,0x000000baecd00000] [id=120268]
  0x0000026cb78cea40 WatcherThread [stack: 0x000000baed800000,0x000000baed900000] [id=124460]
  0x0000026c99106bf0 GCTaskThread "GC Thread#0" [stack: 0x000000baec700000,0x000000baec800000] [id=130768]
  0x0000026cb83eca50 GCTaskThread "GC Thread#1" [stack: 0x000000baed900000,0x000000baeda00000] [id=79336]
  0x0000026cb83f9ca0 GCTaskThread "GC Thread#2" [stack: 0x000000baeda00000,0x000000baedb00000] [id=126356]
  0x0000026cb85a2c10 GCTaskThread "GC Thread#3" [stack: 0x000000baedb00000,0x000000baedc00000] [id=81200]
  0x0000026cb846aef0 GCTaskThread "GC Thread#4" [stack: 0x000000baedc00000,0x000000baedd00000] [id=103472]
  0x0000026cb980aa50 GCTaskThread "GC Thread#5" [stack: 0x000000baeea00000,0x000000baeeb00000] [id=130184]
  0x0000026c99117a40 ConcurrentGCThread "G1 Main Marker" [stack: 0x000000baec800000,0x000000baec900000] [id=130868]
  0x0000026c991194d0 ConcurrentGCThread "G1 Conc#0" [stack: 0x000000baec900000,0x000000baeca00000] [id=110828]
  0x0000026cba57cdd0 ConcurrentGCThread "G1 Conc#1" [stack: 0x000000baef200000,0x000000baef300000] [id=119124]
  0x0000026cb6c720b0 ConcurrentGCThread "G1 Refine#0" [stack: 0x000000baeca00000,0x000000baecb00000] [id=130736]
  0x0000026cb9b70ee0 ConcurrentGCThread "G1 Refine#1" [stack: 0x000000baef400000,0x000000baef500000] [id=129424]
  0x0000026cba15bcb0 ConcurrentGCThread "G1 Refine#2" [stack: 0x000000baef500000,0x000000baef600000] [id=128500]
  0x0000026cb6c72880 ConcurrentGCThread "G1 Service" [stack: 0x000000baecb00000,0x000000baecc00000] [id=130872]

Threads with active compile tasks:
C1 CompilerThread0    16498 8118       3       com.google.common.cache.LocalCache$Segment::expand (282 bytes)

VM state: at safepoint (normal execution)

VM Mutex/Monitor currently owned by a thread:  ([mutex/lock_event])
[0x0000026c990c7ea0] Threads_lock - owner thread: 0x0000026cb6dae060
[0x0000026c990c8200] Heap_lock - owner thread: 0x0000026cb93c5c10

Heap address: 0x0000000080000000, size: 2048 MB, Compressed Oops mode: 32-bit

CDS archive(s) mapped at: [0x0000000800000000-0x0000000800bc0000-0x0000000800bc0000), size 12320768, SharedBaseAddress: 0x0000000800000000, ArchiveRelocationMode: 0.
Compressed class space mapped at: 0x0000000800c00000-0x000000081a800000, reserved size: 432013312
Narrow klass base: 0x0000000800000000, Narrow klass shift: 0, Narrow klass range: 0x100000000

GC Precious Log:
 CPUs: 6 total, 6 available
 Memory: 7542M
 Large Page Support: Disabled
 NUMA Support: Disabled
 Compressed Oops: Enabled (32-bit)
 Heap Region Size: 1M
 Heap Min Capacity: 8M
 Heap Initial Capacity: 118M
 Heap Max Capacity: 2G
 Pre-touch: Disabled
 Parallel Workers: 6
 Concurrent Workers: 2
 Concurrent Refinement Workers: 6
 Periodic GC: Disabled

Heap:
 garbage-first heap   total 120832K, used 54641K [0x0000000080000000, 0x0000000100000000)
  region size 1024K, 3 young (3072K), 3 survivors (3072K)
 Metaspace       used 59935K, committed 60608K, reserved 479232K
  class space    used 8413K, committed 8704K, reserved 421888K

Heap Regions: E=young(eden), S=young(survivor), O=old, HS=humongous(starts), HC=humongous(continues), CS=collection set, F=free, OA=open archive, CA=closed archive, TAMS=top-at-mark-start (previous, next)
|   0|0x0000000080000000, 0x0000000080100000, 0x0000000080100000|100%| O|  |TAMS 0x0000000080100000, 0x0000000080100000| Untracked 
|   1|0x0000000080100000, 0x0000000080200000, 0x0000000080200000|100%| O|  |TAMS 0x0000000080200000, 0x0000000080200000| Untracked 
|   2|0x0000000080200000, 0x0000000080300000, 0x0000000080300000|100%| O|  |TAMS 0x0000000080300000, 0x0000000080300000| Untracked 
|   3|0x0000000080300000, 0x0000000080400000, 0x0000000080400000|100%|HS|  |TAMS 0x0000000080400000, 0x0000000080400000| Complete 
|   4|0x0000000080400000, 0x0000000080500000, 0x0000000080500000|100%|HC|  |TAMS 0x0000000080500000, 0x0000000080500000| Complete 
|   5|0x0000000080500000, 0x0000000080600000, 0x0000000080600000|100%|HC|  |TAMS 0x0000000080600000, 0x0000000080600000| Complete 
|   6|0x0000000080600000, 0x0000000080700000, 0x0000000080700000|100%| O|  |TAMS 0x0000000080700000, 0x0000000080700000| Untracked 
|   7|0x0000000080700000, 0x0000000080800000, 0x0000000080800000|100%| O|  |TAMS 0x0000000080800000, 0x0000000080800000| Untracked 
|   8|0x0000000080800000, 0x0000000080900000, 0x0000000080900000|100%| O|  |TAMS 0x0000000080900000, 0x0000000080900000| Untracked 
|   9|0x0000000080900000, 0x0000000080900000, 0x0000000080a00000|  0%| F|  |TAMS 0x0000000080900000, 0x0000000080900000| Untracked 
|  10|0x0000000080a00000, 0x0000000080b00000, 0x0000000080b00000|100%| O|  |TAMS 0x0000000080b00000, 0x0000000080b00000| Untracked 
|  11|0x0000000080b00000, 0x0000000080c00000, 0x0000000080c00000|100%| O|  |TAMS 0x0000000080c00000, 0x0000000080c00000| Untracked 
|  12|0x0000000080c00000, 0x0000000080d00000, 0x0000000080d00000|100%| O|  |TAMS 0x0000000080d00000, 0x0000000080d00000| Untracked 
|  13|0x0000000080d00000, 0x0000000080e00000, 0x0000000080e00000|100%| O|  |TAMS 0x0000000080e00000, 0x0000000080e00000| Untracked 
|  14|0x0000000080e00000, 0x0000000080f00000, 0x0000000080f00000|100%| O|  |TAMS 0x0000000080f00000, 0x0000000080f00000| Untracked 
|  15|0x0000000080f00000, 0x0000000081000000, 0x0000000081000000|100%| O|  |TAMS 0x0000000081000000, 0x0000000081000000| Untracked 
|  16|0x0000000081000000, 0x0000000081100000, 0x0000000081100000|100%| O|  |TAMS 0x0000000081100000, 0x0000000081100000| Untracked 
|  17|0x0000000081100000, 0x00000000811c2000, 0x0000000081200000| 75%| O|  |TAMS 0x00000000811c2000, 0x00000000811c2000| Untracked 
|  18|0x0000000081200000, 0x0000000081300000, 0x0000000081300000|100%| O|  |TAMS 0x0000000081200000, 0x0000000081300000| Untracked 
|  19|0x0000000081300000, 0x0000000081400000, 0x0000000081400000|100%|HS|  |TAMS 0x0000000081400000, 0x0000000081400000| Complete 
|  20|0x0000000081400000, 0x0000000081500000, 0x0000000081500000|100%| O|  |TAMS 0x0000000081500000, 0x0000000081500000| Untracked 
|  21|0x0000000081500000, 0x0000000081600000, 0x0000000081600000|100%| O|  |TAMS 0x0000000081600000, 0x0000000081600000| Untracked 
|  22|0x0000000081600000, 0x0000000081700000, 0x0000000081700000|100%| O|  |TAMS 0x0000000081700000, 0x0000000081700000| Untracked 
|  23|0x0000000081700000, 0x0000000081800000, 0x0000000081800000|100%| O|  |TAMS 0x0000000081800000, 0x0000000081800000| Untracked 
|  24|0x0000000081800000, 0x0000000081900000, 0x0000000081900000|100%| O|  |TAMS 0x0000000081900000, 0x0000000081900000| Untracked 
|  25|0x0000000081900000, 0x0000000081a00000, 0x0000000081a00000|100%| O|  |TAMS 0x0000000081a00000, 0x0000000081a00000| Untracked 
|  26|0x0000000081a00000, 0x0000000081b00000, 0x0000000081b00000|100%| O|  |TAMS 0x0000000081b00000, 0x0000000081b00000| Untracked 
|  27|0x0000000081b00000, 0x0000000081c00000, 0x0000000081c00000|100%| O|  |TAMS 0x0000000081c00000, 0x0000000081c00000| Untracked 
|  28|0x0000000081c00000, 0x0000000081d00000, 0x0000000081d00000|100%| O|  |TAMS 0x0000000081d00000, 0x0000000081d00000| Untracked 
|  29|0x0000000081d00000, 0x0000000081e00000, 0x0000000081e00000|100%| O|  |TAMS 0x0000000081e00000, 0x0000000081e00000| Untracked 
|  30|0x0000000081e00000, 0x0000000081f00000, 0x0000000081f00000|100%| O|  |TAMS 0x0000000081f00000, 0x0000000081f00000| Untracked 
|  31|0x0000000081f00000, 0x0000000082000000, 0x0000000082000000|100%| O|  |TAMS 0x0000000082000000, 0x0000000082000000| Untracked 
|  32|0x0000000082000000, 0x0000000082100000, 0x0000000082100000|100%| O|  |TAMS 0x0000000082100000, 0x0000000082100000| Untracked 
|  33|0x0000000082100000, 0x0000000082200000, 0x0000000082200000|100%| O|  |TAMS 0x0000000082200000, 0x0000000082200000| Untracked 
|  34|0x0000000082200000, 0x0000000082300000, 0x0000000082300000|100%| O|  |TAMS 0x0000000082300000, 0x0000000082300000| Untracked 
|  35|0x0000000082300000, 0x0000000082400000, 0x0000000082400000|100%| O|  |TAMS 0x0000000082400000, 0x0000000082400000| Untracked 
|  36|0x0000000082400000, 0x0000000082500000, 0x0000000082500000|100%|HS|  |TAMS 0x0000000082500000, 0x0000000082500000| Complete 
|  37|0x0000000082500000, 0x0000000082600000, 0x0000000082600000|100%|HC|  |TAMS 0x0000000082600000, 0x0000000082600000| Complete 
|  38|0x0000000082600000, 0x0000000082700000, 0x0000000082700000|100%|HC|  |TAMS 0x0000000082700000, 0x0000000082700000| Complete 
|  39|0x0000000082700000, 0x0000000082800000, 0x0000000082800000|100%| O|  |TAMS 0x0000000082800000, 0x0000000082800000| Untracked 
|  40|0x0000000082800000, 0x0000000082900000, 0x0000000082900000|100%| O|  |TAMS 0x0000000082900000, 0x0000000082900000| Untracked 
|  41|0x0000000082900000, 0x0000000082a00000, 0x0000000082a00000|100%| O|  |TAMS 0x0000000082a00000, 0x0000000082a00000| Untracked 
|  42|0x0000000082a00000, 0x0000000082b00000, 0x0000000082b00000|100%| O|  |TAMS 0x0000000082b00000, 0x0000000082b00000| Untracked 
|  43|0x0000000082b00000, 0x0000000082c00000, 0x0000000082c00000|100%| O|  |TAMS 0x0000000082c00000, 0x0000000082c00000| Untracked 
|  44|0x0000000082c00000, 0x0000000082d00000, 0x0000000082d00000|100%| O|  |TAMS 0x0000000082d00000, 0x0000000082d00000| Untracked 
|  45|0x0000000082d00000, 0x0000000082e00000, 0x0000000082e00000|100%| O|  |TAMS 0x0000000082e00000, 0x0000000082e00000| Untracked 
|  46|0x0000000082e00000, 0x0000000082f00000, 0x0000000082f00000|100%| O|  |TAMS 0x0000000082f00000, 0x0000000082f00000| Untracked 
|  47|0x0000000082f00000, 0x0000000083000000, 0x0000000083000000|100%| O|  |TAMS 0x0000000082fd3a00, 0x0000000083000000| Untracked 
|  48|0x0000000083000000, 0x0000000083100000, 0x0000000083100000|100%| O|  |TAMS 0x0000000083000000, 0x0000000083100000| Untracked 
|  49|0x0000000083100000, 0x0000000083200000, 0x0000000083200000|100%| O|  |TAMS 0x0000000083100000, 0x0000000083200000| Untracked 
|  50|0x0000000083200000, 0x0000000083300000, 0x0000000083300000|100%| O|  |TAMS 0x0000000083200000, 0x0000000083300000| Untracked 
|  51|0x0000000083300000, 0x0000000083400000, 0x0000000083400000|100%| O|  |TAMS 0x0000000083300000, 0x0000000083400000| Untracked 
|  52|0x0000000083400000, 0x0000000083470e00, 0x0000000083500000| 44%| O|  |TAMS 0x0000000083400000, 0x0000000083470e00| Untracked 
|  53|0x0000000083500000, 0x0000000083500000, 0x0000000083600000|  0%| F|  |TAMS 0x0000000083500000, 0x0000000083500000| Untracked 
|  54|0x0000000083600000, 0x0000000083600000, 0x0000000083700000|  0%| F|  |TAMS 0x0000000083600000, 0x0000000083600000| Untracked 
|  55|0x0000000083700000, 0x0000000083700000, 0x0000000083800000|  0%| F|  |TAMS 0x0000000083700000, 0x0000000083700000| Untracked 
|  56|0x0000000083800000, 0x0000000083800000, 0x0000000083900000|  0%| F|  |TAMS 0x0000000083800000, 0x0000000083800000| Untracked 
|  57|0x0000000083900000, 0x0000000083900000, 0x0000000083a00000|  0%| F|  |TAMS 0x0000000083900000, 0x0000000083900000| Untracked 
|  58|0x0000000083a00000, 0x0000000083a00000, 0x0000000083b00000|  0%| F|  |TAMS 0x0000000083a00000, 0x0000000083a00000| Untracked 
|  59|0x0000000083b00000, 0x0000000083b00000, 0x0000000083c00000|  0%| F|  |TAMS 0x0000000083b00000, 0x0000000083b00000| Untracked 
|  60|0x0000000083c00000, 0x0000000083c00000, 0x0000000083d00000|  0%| F|  |TAMS 0x0000000083c00000, 0x0000000083c00000| Untracked 
|  61|0x0000000083d00000, 0x0000000083d00000, 0x0000000083e00000|  0%| F|  |TAMS 0x0000000083d00000, 0x0000000083d00000| Untracked 
|  62|0x0000000083e00000, 0x0000000083e00000, 0x0000000083f00000|  0%| F|  |TAMS 0x0000000083e00000, 0x0000000083e00000| Untracked 
|  63|0x0000000083f00000, 0x0000000083f00000, 0x0000000084000000|  0%| F|  |TAMS 0x0000000083f00000, 0x0000000083f00000| Untracked 
|  64|0x0000000084000000, 0x0000000084000000, 0x0000000084100000|  0%| F|  |TAMS 0x0000000084000000, 0x0000000084000000| Untracked 
|  65|0x0000000084100000, 0x00000000841298c8, 0x0000000084200000| 16%| S|CS|TAMS 0x0000000084100000, 0x0000000084100000| Complete 
|  66|0x0000000084200000, 0x0000000084300000, 0x0000000084300000|100%| S|CS|TAMS 0x0000000084200000, 0x0000000084200000| Complete 
|  67|0x0000000084300000, 0x0000000084400000, 0x0000000084400000|100%| S|CS|TAMS 0x0000000084300000, 0x0000000084300000| Complete 
|  68|0x0000000084400000, 0x0000000084400000, 0x0000000084500000|  0%| F|  |TAMS 0x0000000084400000, 0x0000000084400000| Untracked 
|  69|0x0000000084500000, 0x0000000084500000, 0x0000000084600000|  0%| F|  |TAMS 0x0000000084500000, 0x0000000084500000| Untracked 
|  70|0x0000000084600000, 0x0000000084600000, 0x0000000084700000|  0%| F|  |TAMS 0x0000000084600000, 0x0000000084600000| Untracked 
|  71|0x0000000084700000, 0x0000000084700000, 0x0000000084800000|  0%| F|  |TAMS 0x0000000084700000, 0x0000000084700000| Untracked 
|  72|0x0000000084800000, 0x0000000084800000, 0x0000000084900000|  0%| F|  |TAMS 0x0000000084800000, 0x0000000084800000| Untracked 
|  73|0x0000000084900000, 0x0000000084900000, 0x0000000084a00000|  0%| F|  |TAMS 0x0000000084900000, 0x0000000084900000| Untracked 
|  74|0x0000000084a00000, 0x0000000084a00000, 0x0000000084b00000|  0%| F|  |TAMS 0x0000000084a00000, 0x0000000084a00000| Untracked 
|  75|0x0000000084b00000, 0x0000000084b00000, 0x0000000084c00000|  0%| F|  |TAMS 0x0000000084b00000, 0x0000000084b00000| Untracked 
|  76|0x0000000084c00000, 0x0000000084c00000, 0x0000000084d00000|  0%| F|  |TAMS 0x0000000084c00000, 0x0000000084c00000| Untracked 
|  77|0x0000000084d00000, 0x0000000084d00000, 0x0000000084e00000|  0%| F|  |TAMS 0x0000000084d00000, 0x0000000084d00000| Untracked 
|  78|0x0000000084e00000, 0x0000000084e00000, 0x0000000084f00000|  0%| F|  |TAMS 0x0000000084e00000, 0x0000000084e00000| Untracked 
|  79|0x0000000084f00000, 0x0000000084f00000, 0x0000000085000000|  0%| F|  |TAMS 0x0000000084f00000, 0x0000000084f00000| Untracked 
|  80|0x0000000085000000, 0x0000000085000000, 0x0000000085100000|  0%| F|  |TAMS 0x0000000085000000, 0x0000000085000000| Untracked 
|  81|0x0000000085100000, 0x0000000085100000, 0x0000000085200000|  0%| F|  |TAMS 0x0000000085100000, 0x0000000085100000| Untracked 
|  82|0x0000000085200000, 0x0000000085200000, 0x0000000085300000|  0%| F|  |TAMS 0x0000000085200000, 0x0000000085200000| Untracked 
|  83|0x0000000085300000, 0x0000000085300000, 0x0000000085400000|  0%| F|  |TAMS 0x0000000085300000, 0x0000000085300000| Untracked 
|  84|0x0000000085400000, 0x0000000085400000, 0x0000000085500000|  0%| F|  |TAMS 0x0000000085400000, 0x0000000085400000| Untracked 
|  85|0x0000000085500000, 0x0000000085500000, 0x0000000085600000|  0%| F|  |TAMS 0x0000000085500000, 0x0000000085500000| Untracked 
|  86|0x0000000085600000, 0x0000000085600000, 0x0000000085700000|  0%| F|  |TAMS 0x0000000085600000, 0x0000000085600000| Untracked 
|  87|0x0000000085700000, 0x0000000085700000, 0x0000000085800000|  0%| F|  |TAMS 0x0000000085700000, 0x0000000085700000| Untracked 
|  88|0x0000000085800000, 0x0000000085800000, 0x0000000085900000|  0%| F|  |TAMS 0x0000000085800000, 0x0000000085800000| Untracked 
|  89|0x0000000085900000, 0x0000000085900000, 0x0000000085a00000|  0%| F|  |TAMS 0x0000000085900000, 0x0000000085900000| Untracked 
|  90|0x0000000085a00000, 0x0000000085a00000, 0x0000000085b00000|  0%| F|  |TAMS 0x0000000085a00000, 0x0000000085a00000| Untracked 
|  91|0x0000000085b00000, 0x0000000085b00000, 0x0000000085c00000|  0%| F|  |TAMS 0x0000000085b00000, 0x0000000085b00000| Untracked 
|  92|0x0000000085c00000, 0x0000000085c00000, 0x0000000085d00000|  0%| F|  |TAMS 0x0000000085c00000, 0x0000000085c00000| Untracked 
|  93|0x0000000085d00000, 0x0000000085d00000, 0x0000000085e00000|  0%| F|  |TAMS 0x0000000085d00000, 0x0000000085d00000| Untracked 
|  94|0x0000000085e00000, 0x0000000085e00000, 0x0000000085f00000|  0%| F|  |TAMS 0x0000000085e00000, 0x0000000085e00000| Untracked 
|  95|0x0000000085f00000, 0x0000000085f00000, 0x0000000086000000|  0%| F|  |TAMS 0x0000000085f00000, 0x0000000085f00000| Untracked 
|  96|0x0000000086000000, 0x0000000086000000, 0x0000000086100000|  0%| F|  |TAMS 0x0000000086000000, 0x0000000086000000| Untracked 
|  97|0x0000000086100000, 0x0000000086100000, 0x0000000086200000|  0%| F|  |TAMS 0x0000000086100000, 0x0000000086100000| Untracked 
|  98|0x0000000086200000, 0x0000000086200000, 0x0000000086300000|  0%| F|  |TAMS 0x0000000086200000, 0x0000000086200000| Untracked 
|  99|0x0000000086300000, 0x0000000086300000, 0x0000000086400000|  0%| F|  |TAMS 0x0000000086300000, 0x0000000086300000| Untracked 
| 100|0x0000000086400000, 0x0000000086400000, 0x0000000086500000|  0%| F|  |TAMS 0x0000000086400000, 0x0000000086400000| Untracked 
| 101|0x0000000086500000, 0x0000000086500000, 0x0000000086600000|  0%| F|  |TAMS 0x0000000086500000, 0x0000000086500000| Untracked 
| 102|0x0000000086600000, 0x0000000086600000, 0x0000000086700000|  0%| F|  |TAMS 0x0000000086600000, 0x0000000086600000| Untracked 
| 103|0x0000000086700000, 0x0000000086700000, 0x0000000086800000|  0%| F|  |TAMS 0x0000000086700000, 0x0000000086700000| Untracked 
| 104|0x0000000086800000, 0x0000000086800000, 0x0000000086900000|  0%| F|  |TAMS 0x0000000086800000, 0x0000000086800000| Untracked 
| 105|0x0000000086900000, 0x0000000086900000, 0x0000000086a00000|  0%| F|  |TAMS 0x0000000086900000, 0x0000000086900000| Untracked 
| 106|0x0000000086a00000, 0x0000000086a00000, 0x0000000086b00000|  0%| F|  |TAMS 0x0000000086a00000, 0x0000000086a00000| Untracked 
| 107|0x0000000086b00000, 0x0000000086b00000, 0x0000000086c00000|  0%| F|  |TAMS 0x0000000086b00000, 0x0000000086b00000| Untracked 
| 108|0x0000000086c00000, 0x0000000086c00000, 0x0000000086d00000|  0%| F|  |TAMS 0x0000000086c00000, 0x0000000086c00000| Untracked 
| 109|0x0000000086d00000, 0x0000000086d00000, 0x0000000086e00000|  0%| F|  |TAMS 0x0000000086d00000, 0x0000000086d00000| Untracked 
| 110|0x0000000086e00000, 0x0000000086e00000, 0x0000000086f00000|  0%| F|  |TAMS 0x0000000086e00000, 0x0000000086e00000| Untracked 
| 111|0x0000000086f00000, 0x0000000086f00000, 0x0000000087000000|  0%| F|  |TAMS 0x0000000086f00000, 0x0000000086f00000| Untracked 
| 112|0x0000000087000000, 0x0000000087000000, 0x0000000087100000|  0%| F|  |TAMS 0x0000000087000000, 0x0000000087000000| Untracked 
| 113|0x0000000087100000, 0x0000000087100000, 0x0000000087200000|  0%| F|  |TAMS 0x0000000087100000, 0x0000000087100000| Untracked 
| 114|0x0000000087200000, 0x0000000087200000, 0x0000000087300000|  0%| F|  |TAMS 0x0000000087200000, 0x0000000087200000| Untracked 
| 115|0x0000000087300000, 0x0000000087300000, 0x0000000087400000|  0%| F|  |TAMS 0x0000000087300000, 0x0000000087300000| Untracked 
| 116|0x0000000087400000, 0x0000000087400000, 0x0000000087500000|  0%| F|  |TAMS 0x0000000087400000, 0x0000000087400000| Untracked 
| 117|0x0000000087500000, 0x0000000087500000, 0x0000000087600000|  0%| F|  |TAMS 0x0000000087500000, 0x0000000087500000| Untracked 

Card table byte_map: [0x0000026cafdf0000,0x0000026cb01f0000] _byte_map_base: 0x0000026caf9f0000

Marking Bits (Prev, Next): (CMBitMap*) 0x0000026c99107110, (CMBitMap*) 0x0000026c99107150
 Prev Bits: [0x0000026cb05f0000, 0x0000026cb25f0000)
 Next Bits: [0x0000026cb25f0000, 0x0000026cb45f0000)

Polling page: 0x0000026c970d0000

Metaspace:

Usage:
  Non-class:     50.31 MB used.
      Class:      8.22 MB used.
       Both:     58.53 MB used.

Virtual space:
  Non-class space:       56.00 MB reserved,      50.69 MB ( 91%) committed,  7 nodes.
      Class space:      412.00 MB reserved,       8.50 MB (  2%) committed,  1 nodes.
             Both:      468.00 MB reserved,      59.19 MB ( 13%) committed. 

Chunk freelists:
   Non-Class:  1.09 MB
       Class:  3.45 MB
        Both:  4.55 MB

MaxMetaspaceSize: 512.00 MB
CompressedClassSpaceSize: 412.00 MB
Initial GC threshold: 21.00 MB
Current GC threshold: 91.88 MB
CDS: on
MetaspaceReclaimPolicy: balanced
 - commit_granule_bytes: 65536.
 - commit_granule_words: 8192.
 - virtual_space_node_default_size: 1048576.
 - enlarge_chunks_in_place: 1.
 - new_chunks_are_fully_committed: 0.
 - uncommit_free_chunks: 1.
 - use_allocation_guard: 0.
 - handle_deallocations: 1.


Internal statistics:

num_allocs_failed_limit: 6.
num_arena_births: 722.
num_arena_deaths: 0.
num_vsnodes_births: 8.
num_vsnodes_deaths: 0.
num_space_committed: 947.
num_space_uncommitted: 0.
num_chunks_returned_to_freelist: 6.
num_chunks_taken_from_freelist: 3135.
num_chunk_merges: 6.
num_chunk_splits: 2082.
num_chunks_enlarged: 1410.
num_purges: 0.
num_inconsistent_stats: 0.

CodeHeap 'non-profiled nmethods': size=120000Kb used=3122Kb max_used=3173Kb free=116877Kb
 bounds [0x0000026ca83a0000, 0x0000026ca86c0000, 0x0000026caf8d0000]
CodeHeap 'profiled nmethods': size=120000Kb used=13900Kb max_used=13900Kb free=106099Kb
 bounds [0x0000026ca0e70000, 0x0000026ca1c10000, 0x0000026ca83a0000]
CodeHeap 'non-nmethods': size=5760Kb used=2364Kb max_used=2411Kb free=3395Kb
 bounds [0x0000026ca08d0000, 0x0000026ca0b40000, 0x0000026ca0e70000]
 total_blobs=8138 nmethods=7249 adapters=801
 compilation: enabled
              stopped_count=0, restarted_count=0
 full_count=0

Compilation events (20 events):
Event: 16.451 Thread 0x0000026cb6dd1990 nmethod 8101 0x0000026ca84aa390 code [0x0000026ca84aa500, 0x0000026ca84aa5b8]
Event: 16.451 Thread 0x0000026cb6dd1990 8096       4       java.util.concurrent.locks.ReentrantLock$Sync::isHeldExclusively (16 bytes)
Event: 16.451 Thread 0x0000026cb6dd4350 8111       3       java.util.concurrent.LinkedBlockingQueue::dequeue (32 bytes)
Event: 16.451 Thread 0x0000026cb6dd4350 nmethod 8111 0x0000026ca1c01010 code [0x0000026ca1c011a0, 0x0000026ca1c013b8]
Event: 16.451 Thread 0x0000026cb6dd4350 8112       3       java.util.concurrent.atomic.AtomicInteger::getAndDecrement (12 bytes)
Event: 16.451 Thread 0x0000026cb6dd4350 nmethod 8112 0x0000026ca1c01490 code [0x0000026ca1c01620, 0x0000026ca1c01738]
Event: 16.451 Thread 0x0000026cb6dd1990 nmethod 8096 0x0000026ca84aa090 code [0x0000026ca84aa200, 0x0000026ca84aa298]
Event: 16.451 Thread 0x0000026cb6dd1990 8110       4       java.io.File::equals (28 bytes)
Event: 16.451 Thread 0x0000026cb6dd4350 8113       3       com.google.common.cache.LocalCache$Segment::drainRecencyQueue (45 bytes)
Event: 16.451 Thread 0x0000026cb6dd4350 nmethod 8113 0x0000026ca1c01810 code [0x0000026ca1c01a00, 0x0000026ca1c02008]
Event: 16.455 Thread 0x0000026cb6dd4350 8115       3       java.util.concurrent.ThreadPoolExecutor$Worker::tryAcquire (20 bytes)
Event: 16.456 Thread 0x0000026cb6dd1990 nmethod 8110 0x0000026ca84a9410 code [0x0000026ca84a95c0, 0x0000026ca84a9b78]
Event: 16.456 Thread 0x0000026cb6dd1990 8114       4       java.util.LinkedHashMap$LinkedValues::iterator (12 bytes)
Event: 16.456 Thread 0x0000026cb6dd4350 nmethod 8115 0x0000026ca1c02190 code [0x0000026ca1c02340, 0x0000026ca1c02588]
Event: 16.456 Thread 0x0000026cb6dd4350 8116   !   3       org.gradle.internal.concurrent.ManagedExecutorImpl$1::run (57 bytes)
Event: 16.456 Thread 0x0000026cb6dd4350 nmethod 8116 0x0000026ca1c02610 code [0x0000026ca1c02800, 0x0000026ca1c02cb8]
Event: 16.456 Thread 0x0000026cb6dd4350 8117       3       java.util.concurrent.ThreadPoolExecutor::beforeExecute (1 bytes)
Event: 16.456 Thread 0x0000026cb6dd4350 nmethod 8117 0x0000026ca1c02f90 code [0x0000026ca1c03120, 0x0000026ca1c03238]
Event: 16.457 Thread 0x0000026cb6dd1990 nmethod 8114 0x0000026ca84a8f90 code [0x0000026ca84a9120, 0x0000026ca84a92d8]
Event: 16.460 Thread 0x0000026cb6dd4350 8118       3       com.google.common.cache.LocalCache$Segment::expand (282 bytes)

GC Heap History (20 events):
Event: 12.141 GC heap after
{Heap after GC invocations=12 (full 0):
 garbage-first heap   total 95232K, used 35938K [0x0000000080000000, 0x0000000100000000)
  region size 1024K, 4 young (4096K), 4 survivors (4096K)
 Metaspace       used 40078K, committed 40576K, reserved 462848K
  class space    used 5603K, committed 5824K, reserved 421888K
}
Event: 12.159 GC heap before
{Heap before GC invocations=12 (full 0):
 garbage-first heap   total 95232K, used 36962K [0x0000000080000000, 0x0000000100000000)
  region size 1024K, 5 young (5120K), 4 survivors (4096K)
 Metaspace       used 40171K, committed 40640K, reserved 462848K
  class space    used 5621K, committed 5824K, reserved 421888K
}
Event: 12.165 GC heap after
{Heap after GC invocations=13 (full 0):
 garbage-first heap   total 95232K, used 35734K [0x0000000080000000, 0x0000000100000000)
  region size 1024K, 1 young (1024K), 1 survivors (1024K)
 Metaspace       used 40171K, committed 40640K, reserved 462848K
  class space    used 5621K, committed 5824K, reserved 421888K
}
Event: 13.262 GC heap before
{Heap before GC invocations=13 (full 0):
 garbage-first heap   total 95232K, used 77718K [0x0000000080000000, 0x0000000100000000)
  region size 1024K, 38 young (38912K), 1 survivors (1024K)
 Metaspace       used 44222K, committed 44736K, reserved 462848K
  class space    used 6168K, committed 6400K, reserved 421888K
}
Event: 13.267 GC heap after
{Heap after GC invocations=14 (full 0):
 garbage-first heap   total 95232K, used 43349K [0x0000000080000000, 0x0000000100000000)
  region size 1024K, 4 young (4096K), 4 survivors (4096K)
 Metaspace       used 44222K, committed 44736K, reserved 462848K
  class space    used 6168K, committed 6400K, reserved 421888K
}
Event: 13.756 GC heap before
{Heap before GC invocations=14 (full 0):
 garbage-first heap   total 95232K, used 74069K [0x0000000080000000, 0x0000000100000000)
  region size 1024K, 34 young (34816K), 4 survivors (4096K)
 Metaspace       used 47834K, committed 48384K, reserved 471040K
  class space    used 6729K, committed 6976K, reserved 421888K
}
Event: 13.760 GC heap after
{Heap after GC invocations=15 (full 0):
 garbage-first heap   total 95232K, used 45049K [0x0000000080000000, 0x0000000100000000)
  region size 1024K, 2 young (2048K), 2 survivors (2048K)
 Metaspace       used 47834K, committed 48384K, reserved 471040K
  class space    used 6729K, committed 6976K, reserved 421888K
}
Event: 14.374 GC heap before
{Heap before GC invocations=15 (full 0):
 garbage-first heap   total 95232K, used 75769K [0x0000000080000000, 0x0000000100000000)
  region size 1024K, 32 young (32768K), 2 survivors (2048K)
 Metaspace       used 51727K, committed 52352K, reserved 471040K
  class space    used 7257K, committed 7552K, reserved 421888K
}
Event: 14.377 GC heap after
{Heap after GC invocations=16 (full 0):
 garbage-first heap   total 95232K, used 46254K [0x0000000080000000, 0x0000000100000000)
  region size 1024K, 3 young (3072K), 3 survivors (3072K)
 Metaspace       used 51727K, committed 52352K, reserved 471040K
  class space    used 7257K, committed 7552K, reserved 421888K
}
Event: 14.867 GC heap before
{Heap before GC invocations=17 (full 0):
 garbage-first heap   total 95232K, used 76974K [0x0000000080000000, 0x0000000100000000)
  region size 1024K, 33 young (33792K), 3 survivors (3072K)
 Metaspace       used 53930K, committed 54592K, reserved 471040K
  class space    used 7562K, committed 7872K, reserved 421888K
}
Event: 14.872 GC heap after
{Heap after GC invocations=18 (full 0):
 garbage-first heap   total 95232K, used 48236K [0x0000000080000000, 0x0000000100000000)
  region size 1024K, 5 young (5120K), 5 survivors (5120K)
 Metaspace       used 53930K, committed 54592K, reserved 471040K
  class space    used 7562K, committed 7872K, reserved 421888K
}
Event: 14.876 GC heap before
{Heap before GC invocations=18 (full 0):
 garbage-first heap   total 95232K, used 49260K [0x0000000080000000, 0x0000000100000000)
  region size 1024K, 6 young (6144K), 5 survivors (5120K)
 Metaspace       used 53930K, committed 54592K, reserved 471040K
  class space    used 7562K, committed 7872K, reserved 421888K
}
Event: 14.880 GC heap after
{Heap after GC invocations=19 (full 0):
 garbage-first heap   total 95232K, used 48233K [0x0000000080000000, 0x0000000100000000)
  region size 1024K, 1 young (1024K), 1 survivors (1024K)
 Metaspace       used 53930K, committed 54592K, reserved 471040K
  class space    used 7562K, committed 7872K, reserved 421888K
}
Event: 15.423 GC heap before
{Heap before GC invocations=19 (full 0):
 garbage-first heap   total 95232K, used 76905K [0x0000000080000000, 0x0000000100000000)
  region size 1024K, 29 young (29696K), 1 survivors (1024K)
 Metaspace       used 55662K, committed 56256K, reserved 471040K
  class space    used 7808K, committed 8128K, reserved 421888K
}
Event: 15.426 GC heap after
{Heap after GC invocations=20 (full 0):
 garbage-first heap   total 95232K, used 50061K [0x0000000080000000, 0x0000000100000000)
  region size 1024K, 3 young (3072K), 3 survivors (3072K)
 Metaspace       used 55662K, committed 56256K, reserved 471040K
  class space    used 7808K, committed 8128K, reserved 421888K
}
Event: 15.958 GC heap before
{Heap before GC invocations=21 (full 0):
 garbage-first heap   total 95232K, used 76685K [0x0000000080000000, 0x0000000100000000)
  region size 1024K, 30 young (30720K), 3 survivors (3072K)
 Metaspace       used 58280K, committed 58880K, reserved 479232K
  class space    used 8207K, committed 8448K, reserved 421888K
}
Event: 15.962 GC heap after
{Heap after GC invocations=22 (full 0):
 garbage-first heap   total 95232K, used 52749K [0x0000000080000000, 0x0000000100000000)
  region size 1024K, 3 young (3072K), 3 survivors (3072K)
 Metaspace       used 58280K, committed 58880K, reserved 479232K
  class space    used 8207K, committed 8448K, reserved 421888K
}
Event: 15.977 GC heap before
{Heap before GC invocations=22 (full 0):
 garbage-first heap   total 95232K, used 53773K [0x0000000080000000, 0x0000000100000000)
  region size 1024K, 4 young (4096K), 3 survivors (3072K)
 Metaspace       used 58336K, committed 59008K, reserved 479232K
  class space    used 8213K, committed 8512K, reserved 421888K
}
Event: 15.980 GC heap after
{Heap after GC invocations=23 (full 0):
 garbage-first heap   total 95232K, used 52839K [0x0000000080000000, 0x0000000100000000)
  region size 1024K, 1 young (1024K), 1 survivors (1024K)
 Metaspace       used 58336K, committed 59008K, reserved 479232K
  class space    used 8213K, committed 8512K, reserved 421888K
}
Event: 16.462 GC heap before
{Heap before GC invocations=23 (full 0):
 garbage-first heap   total 95232K, used 76391K [0x0000000080000000, 0x0000000100000000)
  region size 1024K, 25 young (25600K), 1 survivors (1024K)
 Metaspace       used 59935K, committed 60608K, reserved 479232K
  class space    used 8413K, committed 8704K, reserved 421888K
}

Deoptimization events (20 events):
Event: 16.235 Thread 0x0000026cbe624ca0 DEOPT PACKING pc=0x0000026ca0f2694d sp=0x000000baf23fbd30
Event: 16.235 Thread 0x0000026cbe624ca0 DEOPT UNPACKING pc=0x0000026ca0922b43 sp=0x000000baf23fb270 mode 0
Event: 16.235 Thread 0x0000026cbe625640 Uncommon trap: trap_request=0xffffffc6 fr.pc=0x0000026ca857de14 relative=0x00000000000007f4
Event: 16.235 Thread 0x0000026cbe625640 Uncommon trap: reason=bimorphic_or_optimized_type_check action=maybe_recompile pc=0x0000026ca857de14 method=java.io.BufferedInputStream.read1([BII)I @ 39 c2
Event: 16.235 Thread 0x0000026cbe625640 DEOPT PACKING pc=0x0000026ca857de14 sp=0x000000baf29fe180
Event: 16.235 Thread 0x0000026cbe625640 DEOPT UNPACKING pc=0x0000026ca09223a3 sp=0x000000baf29fe098 mode 2
Event: 16.271 Thread 0x0000026cb99e7d20 DEOPT PACKING pc=0x0000026ca12453dc sp=0x000000baf06fd6d0
Event: 16.271 Thread 0x0000026cb99e7d20 DEOPT UNPACKING pc=0x0000026ca0922b43 sp=0x000000baf06fcc50 mode 0
Event: 16.302 Thread 0x0000026cb99e86c0 DEOPT PACKING pc=0x0000026ca12453dc sp=0x000000baf02fcfd0
Event: 16.302 Thread 0x0000026cb99e86c0 DEOPT UNPACKING pc=0x0000026ca0922b43 sp=0x000000baf02fc550 mode 0
Event: 16.333 Thread 0x0000026cb99e7d20 DEOPT PACKING pc=0x0000026ca12453dc sp=0x000000baf06fcdf0
Event: 16.333 Thread 0x0000026cb99e7d20 DEOPT UNPACKING pc=0x0000026ca0922b43 sp=0x000000baf06fc370 mode 0
Event: 16.369 Thread 0x0000026cbe628b30 DEOPT PACKING pc=0x0000026ca12453dc sp=0x000000baf3afd800
Event: 16.369 Thread 0x0000026cbe628b30 DEOPT UNPACKING pc=0x0000026ca0922b43 sp=0x000000baf3afcd80 mode 0
Event: 16.372 Thread 0x0000026cb99ea3a0 Uncommon trap: trap_request=0xffffff45 fr.pc=0x0000026ca83ebaa8 relative=0x0000000000000088
Event: 16.372 Thread 0x0000026cb99ea3a0 Uncommon trap: reason=unstable_if action=reinterpret pc=0x0000026ca83ebaa8 method=jdk.internal.misc.Unsafe.getAndBitwiseAndInt(Ljava/lang/Object;JI)I @ 21 c2
Event: 16.372 Thread 0x0000026cb99ea3a0 DEOPT PACKING pc=0x0000026ca83ebaa8 sp=0x000000baf04fd960
Event: 16.372 Thread 0x0000026cb99ea3a0 DEOPT UNPACKING pc=0x0000026ca09223a3 sp=0x000000baf04fd800 mode 2
Event: 16.454 Thread 0x0000026cb99e69e0 DEOPT PACKING pc=0x0000026ca1bb3f27 sp=0x000000baefcfeba0
Event: 16.454 Thread 0x0000026cb99e69e0 DEOPT UNPACKING pc=0x0000026ca0922b43 sp=0x000000baefcfe068 mode 0

Classes unloaded (0 events):
No events

Classes redefined (0 events):
No events

Internal exceptions (20 events):
Event: 14.875 Thread 0x0000026cb932e440 Exception <a 'java/lang/ClassNotFoundException'{0x00000000875f1808}: org/gradle/api/internal/artifacts/dsl/DefaultRepositoryHandlerBeanInfo> (0x00000000875f1808) 
thrown [t:\workspace\open\src\hotspot\share\classfile\systemDictionary.cpp, line 256]
Event: 14.881 Thread 0x0000026cb932e440 Exception <a 'java/lang/ClassNotFoundException'{0x0000000087508660}: org/gradle/api/internal/artifacts/DefaultArtifactRepositoryContainerBeanInfo> (0x0000000087508660) 
thrown [t:\workspace\open\src\hotspot\share\classfile\systemDictionary.cpp, line 256]
Event: 14.881 Thread 0x0000026cb932e440 Exception <a 'java/lang/ClassNotFoundException'{0x000000008751beb0}: org/gradle/api/internal/DefaultNamedDomainObjectListBeanInfo> (0x000000008751beb0) 
thrown [t:\workspace\open\src\hotspot\share\classfile\systemDictionary.cpp, line 256]
Event: 14.882 Thread 0x0000026cb932e440 Exception <a 'java/lang/ClassNotFoundException'{0x000000008752f808}: org/gradle/api/internal/DefaultNamedDomainObjectCollectionBeanInfo> (0x000000008752f808) 
thrown [t:\workspace\open\src\hotspot\share\classfile\systemDictionary.cpp, line 256]
Event: 14.882 Thread 0x0000026cb932e440 Exception <a 'java/lang/ClassNotFoundException'{0x0000000087543300}: org/gradle/api/internal/DefaultDomainObjectCollectionBeanInfo> (0x0000000087543300) 
thrown [t:\workspace\open\src\hotspot\share\classfile\systemDictionary.cpp, line 256]
Event: 14.882 Thread 0x0000026cb932e440 Exception <a 'java/lang/ClassNotFoundException'{0x0000000087556e78}: org/gradle/api/internal/DefaultDomainObjectCollectionCustomizer> (0x0000000087556e78) 
thrown [t:\workspace\open\src\hotspot\share\classfile\systemDictionary.cpp, line 256]
Event: 14.885 Thread 0x0000026cb932e440 Exception <a 'java/lang/ClassNotFoundException'{0x000000008758b098}: org/gradle/api/internal/DefaultNamedDomainObjectCollectionCustomizer> (0x000000008758b098) 
thrown [t:\workspace\open\src\hotspot\share\classfile\systemDictionary.cpp, line 256]
Event: 14.886 Thread 0x0000026cb932e440 Exception <a 'java/lang/ClassNotFoundException'{0x00000000875c6358}: org/gradle/api/internal/DefaultNamedDomainObjectListCustomizer> (0x00000000875c6358) 
thrown [t:\workspace\open\src\hotspot\share\classfile\systemDictionary.cpp, line 256]
Event: 14.887 Thread 0x0000026cb932e440 Exception <a 'java/lang/ClassNotFoundException'{0x00000000875f60d8}: org/gradle/api/internal/artifacts/DefaultArtifactRepositoryContainerCustomizer> (0x00000000875f60d8) 
thrown [t:\workspace\open\src\hotspot\share\classfile\systemDictionary.cpp, line 256]
Event: 14.889 Thread 0x0000026cb932e440 Exception <a 'java/lang/ClassNotFoundException'{0x0000000085a1de28}: org/gradle/api/internal/artifacts/dsl/DefaultRepositoryHandlerCustomizer> (0x0000000085a1de28) 
thrown [t:\workspace\open\src\hotspot\share\classfile\systemDictionary.cpp, line 256]
Event: 14.891 Thread 0x0000026cb932e440 Exception <a 'java/lang/ClassNotFoundException'{0x0000000085a53088}: org/gradle/api/internal/artifacts/dsl/DefaultRepositoryHandler_DecoratedCustomizer> (0x0000000085a53088) 
thrown [t:\workspace\open\src\hotspot\share\classfile\systemDictionary.cpp, line 256]
Event: 14.897 Thread 0x0000026cb932e440 Exception <a 'java/lang/ClassNotFoundException'{0x0000000085aeb2b8}: org/gradle/api/internal/artifacts/dsl/dependencies/DefaultDependencyHandler_DecoratedBeanInfo> (0x0000000085aeb2b8) 
thrown [t:\workspace\open\src\hotspot\share\classfile\systemDictionary.cpp, line 256]
Event: 14.898 Thread 0x0000026cb932e440 Exception <a 'java/lang/ClassNotFoundException'{0x0000000085900598}: org/gradle/api/internal/artifacts/dsl/dependencies/DefaultDependencyHandlerBeanInfo> (0x0000000085900598) 
thrown [t:\workspace\open\src\hotspot\share\classfile\systemDictionary.cpp, line 256]
Event: 14.898 Thread 0x0000026cb932e440 Exception <a 'java/lang/ClassNotFoundException'{0x0000000085915820}: org/gradle/api/internal/artifacts/dsl/dependencies/DefaultDependencyHandlerCustomizer> (0x0000000085915820) 
thrown [t:\workspace\open\src\hotspot\share\classfile\systemDictionary.cpp, line 256]
Event: 14.900 Thread 0x0000026cb932e440 Exception <a 'java/lang/ClassNotFoundException'{0x00000000859533d0}: org/gradle/api/internal/artifacts/dsl/dependencies/DefaultDependencyHandler_DecoratedCustomizer> (0x00000000859533d0) 
thrown [t:\workspace\open\src\hotspot\share\classfile\systemDictionary.cpp, line 256]
Event: 14.972 Thread 0x0000026cb932e440 Exception <a 'java/lang/NoSuchMethodError'{0x000000008546e060}: 'java.lang.Object java.lang.invoke.DirectMethodHandle$Holder.newInvokeSpecial(java.lang.Object, java.lang.Object, int)'> (0x000000008546e060) 
thrown [t:\workspace\open\src\hotspot\share\interpreter\linkResolver.cpp, line 766]
Event: 15.621 Thread 0x0000026cbe624ca0 Exception <a 'java/lang/NoSuchMethodError'{0x00000000851a23c0}: 'java.lang.Object java.lang.invoke.Invokers$Holder.linkToTargetMethod(java.lang.Object, java.lang.Object, java.lang.Object, int, java.lang.Object, java.lang.Object)'> (0x00000000851a23c0) 
thrown [t:\workspace\open\src\hotspot\share\interpreter\linkResolver.cpp, line 766]
Event: 15.689 Thread 0x0000026cbe624ca0 Implicit null exception at 0x0000026ca8445fd7 to 0x0000026ca844617c
Event: 15.696 Thread 0x0000026cbe624ca0 Exception <a 'java/lang/NoSuchMethodError'{0x0000000084e41ca8}: 'int java.lang.invoke.DirectMethodHandle$Holder.invokeSpecial(java.lang.Object, java.lang.Object, java.lang.Object, java.lang.Object, java.lang.Object)'> (0x0000000084e41ca8) 
thrown [t:\workspace\open\src\hotspot\share\interpreter\linkResolver.cpp, line 766]
Event: 16.229 Thread 0x0000026cbe624ca0 Exception <a 'java/lang/NoSuchMethodError'{0x0000000084e20ff8}: 'void java.lang.invoke.DirectMethodHandle$Holder.invokeInterface(java.lang.Object, java.lang.Object, java.lang.Object, java.lang.Object)'> (0x0000000084e20ff8) 
thrown [t:\workspace\open\src\hotspot\share\interpreter\linkResolver.cpp, line 766]

VM Operations (20 events):
Event: 15.705 Executing VM operation: ICBufferFull done
Event: 15.832 Executing VM operation: ICBufferFull
Event: 15.832 Executing VM operation: ICBufferFull done
Event: 15.958 Executing VM operation: G1CollectForAllocation
Event: 15.963 Executing VM operation: G1CollectForAllocation done
Event: 15.977 Executing VM operation: G1CollectForAllocation
Event: 15.980 Executing VM operation: G1CollectForAllocation done
Event: 16.199 Executing VM operation: HandshakeAllThreads
Event: 16.199 Executing VM operation: HandshakeAllThreads done
Event: 16.202 Executing VM operation: ICBufferFull
Event: 16.202 Executing VM operation: ICBufferFull done
Event: 16.210 Executing VM operation: HandshakeAllThreads
Event: 16.210 Executing VM operation: HandshakeAllThreads done
Event: 16.233 Executing VM operation: ICBufferFull
Event: 16.234 Executing VM operation: ICBufferFull done
Event: 16.242 Executing VM operation: ICBufferFull
Event: 16.242 Executing VM operation: ICBufferFull done
Event: 16.410 Executing VM operation: ICBufferFull
Event: 16.410 Executing VM operation: ICBufferFull done
Event: 16.462 Executing VM operation: G1CollectForAllocation

Events (20 events):
Event: 15.768 Thread 0x0000026cbe625b10 Thread added: 0x0000026cbe625b10
Event: 15.768 Thread 0x0000026cbe625170 Thread added: 0x0000026cbe625170
Event: 15.769 Thread 0x0000026cbe6299a0 Thread added: 0x0000026cbe6299a0
Event: 15.769 Thread 0x0000026cbe629000 Thread added: 0x0000026cbe629000
Event: 15.769 Thread 0x0000026cbe623e30 Thread added: 0x0000026cbe623e30
Event: 15.769 Thread 0x0000026cbe628b30 Thread added: 0x0000026cbe628b30
Event: 15.770 Thread 0x0000026cb8a269b0 Thread added: 0x0000026cb8a269b0
Event: 15.770 Thread 0x0000026cb8a29500 Thread added: 0x0000026cb8a29500
Event: 15.770 Thread 0x0000026cb8a299d0 Thread added: 0x0000026cb8a299d0
Event: 15.770 Thread 0x0000026cb8a24800 Thread added: 0x0000026cb8a24800
Event: 15.984 loading class java/io/NotSerializableException
Event: 15.984 loading class java/io/NotSerializableException done
Event: 16.165 Thread 0x0000026cb8a2a370 Thread added: 0x0000026cb8a2a370
Event: 16.258 loading class java/util/concurrent/ConcurrentLinkedQueue$Itr
Event: 16.258 loading class java/util/concurrent/ConcurrentLinkedQueue$Itr done
Event: 16.262 Thread 0x0000026cb8a29030 Thread added: 0x0000026cb8a29030
Event: 16.262 Thread 0x0000026cb8a2b6b0 Thread added: 0x0000026cb8a2b6b0
Event: 16.262 Thread 0x0000026cb8a27350 Thread added: 0x0000026cb8a27350
Event: 16.262 Thread 0x0000026cb8a28690 Thread added: 0x0000026cb8a28690
Event: 16.263 Thread 0x0000026cb8a29ea0 Thread added: 0x0000026cb8a29ea0


Dynamic libraries:
0x00007ff646bb0000 - 0x00007ff646bc0000 	C:\Program Files\Java\jdk-17\bin\java.exe
0x00007ffafc4a0000 - 0x00007ffafc6a9000 	C:\WINDOWS\SYSTEM32\ntdll.dll
0x00007ffafbd80000 - 0x00007ffafbe3d000 	C:\WINDOWS\System32\KERNEL32.DLL
0x00007ffaf9e00000 - 0x00007ffafa17b000 	C:\WINDOWS\System32\KERNELBASE.dll
0x00007ffaf9a30000 - 0x00007ffaf9b41000 	C:\WINDOWS\System32\ucrtbase.dll
0x00007ffaecf00000 - 0x00007ffaecf18000 	C:\Program Files\Java\jdk-17\bin\jli.dll
0x00007ffaecf20000 - 0x00007ffaecf3a000 	C:\Program Files\Java\jdk-17\bin\VCRUNTIME140.dll
0x00007ffafabe0000 - 0x00007ffafac8e000 	C:\WINDOWS\System32\ADVAPI32.dll
0x00007ffafbaa0000 - 0x00007ffafbb43000 	C:\WINDOWS\System32\msvcrt.dll
0x00007ffafac90000 - 0x00007ffafad2e000 	C:\WINDOWS\System32\sechost.dll
0x00007ffafbc60000 - 0x00007ffafbd80000 	C:\WINDOWS\System32\RPCRT4.dll
0x00007ffafaef0000 - 0x00007ffafb09d000 	C:\WINDOWS\System32\USER32.dll
0x00007ffae3f90000 - 0x00007ffae4235000 	C:\WINDOWS\WinSxS\amd64_microsoft.windows.common-controls_6595b64144ccf1df_6.0.22000.120_none_9d947278b86cc467\COMCTL32.dll
0x00007ffafa180000 - 0x00007ffafa1a6000 	C:\WINDOWS\System32\win32u.dll
0x00007ffafb860000 - 0x00007ffafb889000 	C:\WINDOWS\System32\GDI32.dll
0x00007ffaf9b50000 - 0x00007ffaf9c68000 	C:\WINDOWS\System32\gdi32full.dll
0x00007ffaf9cf0000 - 0x00007ffaf9d8d000 	C:\WINDOWS\System32\msvcp_win.dll
0x00007ffaf4140000 - 0x00007ffaf414a000 	C:\WINDOWS\SYSTEM32\VERSION.dll
0x00007ffafada0000 - 0x00007ffafadd1000 	C:\WINDOWS\System32\IMM32.DLL
0x00007ffaed040000 - 0x00007ffaed04c000 	C:\Program Files\Java\jdk-17\bin\vcruntime140_1.dll
0x00007ffabca00000 - 0x00007ffabca8d000 	C:\Program Files\Java\jdk-17\bin\msvcp140.dll
0x00007ffabbe40000 - 0x00007ffabc9fe000 	C:\Program Files\Java\jdk-17\bin\server\jvm.dll
0x00007ffafa790000 - 0x00007ffafa798000 	C:\WINDOWS\System32\PSAPI.DLL
0x00007ffaecef0000 - 0x00007ffaecef9000 	C:\WINDOWS\SYSTEM32\WSOCK32.dll
0x00007ffaf4100000 - 0x00007ffaf4133000 	C:\WINDOWS\SYSTEM32\WINMM.dll
0x00007ffafbf80000 - 0x00007ffafbfef000 	C:\WINDOWS\System32\WS2_32.dll
0x00007ffaf89c0000 - 0x00007ffaf89d8000 	C:\WINDOWS\SYSTEM32\kernel.appcore.dll
0x00007ffaecee0000 - 0x00007ffaeceea000 	C:\Program Files\Java\jdk-17\bin\jimage.dll
0x00007ffaf74b0000 - 0x00007ffaf76d1000 	C:\WINDOWS\SYSTEM32\DBGHELP.DLL
0x00007ffae12c0000 - 0x00007ffae12f1000 	C:\WINDOWS\SYSTEM32\dbgcore.DLL
0x00007ffaf9c70000 - 0x00007ffaf9cef000 	C:\WINDOWS\System32\bcryptPrimitives.dll
0x00007ffaeceb0000 - 0x00007ffaeced5000 	C:\Program Files\Java\jdk-17\bin\java.dll
0x00007ffabbd60000 - 0x00007ffabbe36000 	C:\Program Files\Java\jdk-17\bin\svml.dll
0x00007ffafb0a0000 - 0x00007ffafb858000 	C:\WINDOWS\System32\SHELL32.dll
0x00007ffaf7a20000 - 0x00007ffaf8285000 	C:\WINDOWS\SYSTEM32\windows.storage.dll
0x00007ffafa320000 - 0x00007ffafa697000 	C:\WINDOWS\System32\combase.dll
0x00007ffaf78b0000 - 0x00007ffaf7a16000 	C:\WINDOWS\SYSTEM32\wintypes.dll
0x00007ffafa6a0000 - 0x00007ffafa78a000 	C:\WINDOWS\System32\SHCORE.dll
0x00007ffafbbc0000 - 0x00007ffafbc1d000 	C:\WINDOWS\System32\shlwapi.dll
0x00007ffaf98a0000 - 0x00007ffaf98c1000 	C:\WINDOWS\SYSTEM32\profapi.dll
0x00007ffaece90000 - 0x00007ffaecea9000 	C:\Program Files\Java\jdk-17\bin\net.dll
0x00007ffaf4210000 - 0x00007ffaf431c000 	C:\WINDOWS\SYSTEM32\WINHTTP.dll
0x00007ffaf8ee0000 - 0x00007ffaf8f47000 	C:\WINDOWS\system32\mswsock.dll
0x00007ffaebb80000 - 0x00007ffaebb95000 	C:\Program Files\Java\jdk-17\bin\nio.dll
0x00007ffaebb60000 - 0x00007ffaebb78000 	C:\Program Files\Java\jdk-17\bin\zip.dll
0x00007ffaecf50000 - 0x00007ffaecf60000 	C:\Program Files\Java\jdk-17\bin\verify.dll
0x00007ffaeb7d0000 - 0x00007ffaeb7f7000 	C:\Users\rosar\.gradle\native\e1d6ef7f7dcc3fd88c89a11ec53ec762bb8ba0a96d01ffa2cd45eb1d1d8dd5c5\windows-amd64\native-platform.dll
0x00007ffac98c0000 - 0x00007ffac9a04000 	C:\Users\rosar\.gradle\native\0d407fdbe67a94daf76414ababcb853783967236a71b16ec16e742cd7a986fd3\windows-amd64\native-platform-file-events.dll
0x00007ffae8ab0000 - 0x00007ffae8ab9000 	C:\Program Files\Java\jdk-17\bin\management.dll
0x00007ffae3d20000 - 0x00007ffae3d2b000 	C:\Program Files\Java\jdk-17\bin\management_ext.dll
0x00007ffaf9150000 - 0x00007ffaf9168000 	C:\WINDOWS\SYSTEM32\CRYPTSP.dll
0x00007ffaf8920000 - 0x00007ffaf8955000 	C:\WINDOWS\system32\rsaenh.dll
0x00007ffaf8ff0000 - 0x00007ffaf9019000 	C:\WINDOWS\SYSTEM32\USERENV.dll
0x00007ffaf9350000 - 0x00007ffaf9377000 	C:\WINDOWS\SYSTEM32\bcrypt.dll
0x00007ffaf9140000 - 0x00007ffaf914c000 	C:\WINDOWS\SYSTEM32\CRYPTBASE.dll
0x00007ffaf84e0000 - 0x00007ffaf850d000 	C:\WINDOWS\SYSTEM32\IPHLPAPI.DLL
0x00007ffafaee0000 - 0x00007ffafaee9000 	C:\WINDOWS\System32\NSI.dll
0x00007ffaf41f0000 - 0x00007ffaf4209000 	C:\WINDOWS\SYSTEM32\dhcpcsvc6.DLL
0x00007ffaf4760000 - 0x00007ffaf477e000 	C:\WINDOWS\SYSTEM32\dhcpcsvc.DLL
0x00007ffaf8510000 - 0x00007ffaf85f8000 	C:\WINDOWS\SYSTEM32\DNSAPI.dll
0x00007ffaecf60000 - 0x00007ffaecf6e000 	C:\Program Files\Java\jdk-17\bin\sunmscapi.dll
0x00007ffafa1b0000 - 0x00007ffafa312000 	C:\WINDOWS\System32\CRYPT32.dll
0x00007ffaf9320000 - 0x00007ffaf9348000 	C:\WINDOWS\SYSTEM32\ncrypt.dll
0x00007ffaf92e0000 - 0x00007ffaf9317000 	C:\WINDOWS\SYSTEM32\NTASN1.dll
0x00007ffae5660000 - 0x00007ffae5668000 	C:\WINDOWS\system32\wshunix.dll

dbghelp: loaded successfully - version: 4.0.5 - missing functions: none
symbol engine: initialized successfully - sym options: 0x614 - pdb path: .;C:\Program Files\Java\jdk-17\bin;C:\WINDOWS\SYSTEM32;C:\WINDOWS\WinSxS\amd64_microsoft.windows.common-controls_6595b64144ccf1df_6.0.22000.120_none_9d947278b86cc467;C:\Program Files\Java\jdk-17\bin\server;C:\Users\rosar\.gradle\native\e1d6ef7f7dcc3fd88c89a11ec53ec762bb8ba0a96d01ffa2cd45eb1d1d8dd5c5\windows-amd64;C:\Users\rosar\.gradle\native\0d407fdbe67a94daf76414ababcb853783967236a71b16ec16e742cd7a986fd3\windows-amd64

VM Arguments:
jvm_args: -XX:MaxMetaspaceSize=512m --add-opens=java.base/java.util=ALL-UNNAMED --add-opens=java.base/java.lang=ALL-UNNAMED --add-opens=java.base/java.lang.invoke=ALL-UNNAMED --add-opens=java.base/java.util=ALL-UNNAMED --add-opens=java.prefs/java.util.prefs=ALL-UNNAMED --add-opens=java.prefs/java.util.prefs=ALL-UNNAMED --add-opens=java.base/java.nio.charset=ALL-UNNAMED --add-opens=java.base/java.net=ALL-UNNAMED --add-opens=java.base/java.util.concurrent.atomic=ALL-UNNAMED -Xmx2048m -Dfile.encoding=windows-1252 -Duser.country=US -Duser.language=en -Duser.variant 
java_command: org.gradle.launcher.daemon.bootstrap.GradleDaemon 7.5.1
java_class_path (initial): C:\Users\rosar\.gradle\wrapper\dists\gradle-7.5.1-all\1ehga6e77gqps5uk2kc5kf1vc\gradle-7.5.1\lib\gradle-launcher-7.5.1.jar
Launcher Type: SUN_STANDARD

[Global flags]
     intx CICompilerCount                          = 3                                         {product} {ergonomic}
   size_t CompressedClassSpaceSize                 = 432013312                                 {product} {ergonomic}
     uint ConcGCThreads                            = 2                                         {product} {ergonomic}
     uint G1ConcRefinementThreads                  = 6                                         {product} {ergonomic}
   size_t G1HeapRegionSize                         = 1048576                                   {product} {ergonomic}
    uintx GCDrainStackTargetSize                   = 64                                        {product} {ergonomic}
   size_t InitialHeapSize                          = 123731968                                 {product} {ergonomic}
   size_t MarkStackSize                            = 4194304                                   {product} {ergonomic}
   size_t MaxHeapSize                              = 2147483648                                {product} {command line}
   size_t MaxMetaspaceSize                         = 536870912                                 {product} {command line}
   size_t MaxNewSize                               = 1287651328                                {product} {ergonomic}
   size_t MinHeapDeltaBytes                        = 1048576                                   {product} {ergonomic}
   size_t MinHeapSize                              = 8388608                                   {product} {ergonomic}
    uintx NonNMethodCodeHeapSize                   = 5832780                                {pd product} {ergonomic}
    uintx NonProfiledCodeHeapSize                  = 122912730                              {pd product} {ergonomic}
    uintx ProfiledCodeHeapSize                     = 122912730                              {pd product} {ergonomic}
    uintx ReservedCodeCacheSize                    = 251658240                              {pd product} {ergonomic}
     bool SegmentedCodeCache                       = true                                      {product} {ergonomic}
   size_t SoftMaxHeapSize                          = 2147483648                             {manageable} {ergonomic}
     bool UseCompressedClassPointers               = true                           {product lp64_product} {ergonomic}
     bool UseCompressedOops                        = true                           {product lp64_product} {ergonomic}
     bool UseG1GC                                  = true                                      {product} {ergonomic}
     bool UseLargePagesIndividualAllocation        = false                                  {pd product} {ergonomic}

Logging:
Log output configuration:
 #0: stdout all=warning uptime,level,tags
 #1: stderr all=off uptime,level,tags

Environment Variables:
JAVA_HOME=C:\Program Files\Java\jdk-17
CLASSPATH=E:\Programming\Thesis Writing 2\app\android\\gradle\wrapper\gradle-wrapper.jar
PATH=E:\Programming\Thesis Writing 2\app\android\node_modules\.bin;E:\Programming\Thesis Writing 2\app\node_modules\.bin;E:\Programming\Thesis Writing 2\node_modules\.bin;E:\Programming\node_modules\.bin;E:\node_modules\.bin;C:\Program Files\nodejs;E:\Programming\Thesis Writing 2\app\node_modules\.bin;E:\Programming\Thesis Writing 2\node_modules\.bin;E:\Programming\node_modules\.bin;E:\node_modules\.bin;C:\Users\rosar\AppData\Roaming\npm\node_modules\npm\node_modules\@npmcli\run-script\lib\node-gyp-bin;C:\Program Files\PowerShell\7;C:\Program Files (x86)\NVIDIA Corporation\PhysX\Common;C:\ProgramData\Oracle\Java\javapath;C:\Program Files\Common Files\Oracle\Java\javapath;C:\Program Files (x86)\Common Files\Oracle\Java\javapath;C:\WINDOWS\system32;C:\WINDOWS;C:\WINDOWS\System32\Wbem;C:\WINDOWS\System32\WindowsPowerShell\v1.0\;C:\WINDOWS\System32\OpenSSH\;C:\Program Files (x86)\AMD\ATI.ACE\Core-Static;C:\Program Files\Git\cmd;C:\NASM;C:\MinGW\bin;C:\Users\rosar\AppData\Local\Android\Sdk\platform-tools;D:\Programs\XAMPP\php;C:\ProgramData\ComposerSetup\bin;C:\Program Files\nodejs\;C:\Program Files\PowerShell\7\;C:\Users\rosar\AppData\Local\Programs\Python\Python310\Scripts\;C:\Users\rosar\AppData\Local\Programs\Python\Python310\;C:\Program Files\MySQL\MySQL Shell 8.0\bin\;C:\Users\rosar\AppData\Local\Microsoft\WindowsApps;C:\Users\rosar\AppData\Local\Programs\Microsoft VS Code\bin;C:\Users\rosar\AppData\Local\GitHubDesktop\bin;C:\NASM;C:\MinGW\bin;C:\Program Files\Java\jdk-17\bin;C:\Program Files\heroku\bin;C:\Users\rosar\AppData\Local\Android\Sdk\platform-tools;C:\Users\rosar\AppData\Roaming\Composer\vendor\bin;C:\Users\rosar\AppData\Roaming\npm
USERNAME=rosar
LANG=en_US.UTF-8
OS=Windows_NT
PROCESSOR_IDENTIFIER=AMD64 Family 23 Model 96 Stepping 1, AuthenticAMD



---------------  S Y S T E M  ---------------

OS:
 Windows 10 , 64 bit Build 22000 (10.0.22000.708)
OS uptime: 7 days 0:22 hours
Hyper-V role detected

CPU: total 6 (initial active 6) (6 cores per cpu, 1 threads per core) family 23 model 96 stepping 1 microcode 0x0, cx8, cmov, fxsr, mmx, 3dnowpref, sse, sse2, sse3, ssse3, sse4a, sse4.1, sse4.2, popcnt, lzcnt, tsc, tscinvbit, avx, avx2, aes, clmul, bmi1, bmi2, adx, sha, fma, vzeroupper, clflush, clflushopt, hv

Memory: 4k page, system-wide physical 7542M (230M free)
TotalPageFile size 31094M (AvailPageFile size 134M)
current process WorkingSet (physical memory assigned to process): 268M, peak: 273M
current process commit charge ("private bytes"): 343M, peak: 484M

vm_info: Java HotSpot(TM) 64-Bit Server VM (17+35-LTS-2724) for windows-amd64 JRE (17+35-LTS-2724), built on Aug  5 2021 23:28:28 by "mach5one" with MS VC++ 16.8 (VS2019)

END.
